#
# A fatal error has been detected by the Java Runtime Environment:
#
#  SIGSEGV (0xb) at pc=0x000000010d91f249, pid=3712, tid=41219
#
# JRE version: OpenJDK Runtime Environment Temurin-11.0.12+7 (11.0.12+7) (build 11.0.12+7)
# Java VM: OpenJDK 64-Bit Server VM Temurin-11.0.12+7 (11.0.12+7, mixed mode, tiered, compressed oops, g1 gc, bsd-amd64)
# Problematic frame:
# V  [libjvm.dylib+0xf0249]  _ZNK8AddPNode5ValueEP8PhaseGVN+0x45
#
# No core dump will be written. Core dumps have been disabled. To enable core dumping, try "ulimit -c unlimited" before starting Java again
#
# If you would like to submit a bug report, please visit:
#   https://github.com/adoptium/adoptium-support/issues
#

---------------  S U M M A R Y ------------

Command Line: -Dfile.encoding=UTF-8 -Duser.country=DE -Duser.language=de -Duser.variant ok.cool.DesktopLauncher

Host: Macmini9,1 x86_64 2400 MHz, 8 cores, 8G, Darwin 21.4.0
Time: Sat Apr 23 18:45:05 2022 CEST elapsed time: 1.334182 seconds (0d 0h 0m 1s)

---------------  T H R E A D  ---------------

Current thread (0x00007f8133820000):  JavaThread "C2 CompilerThread0" daemon [_thread_in_native, id=41219, stack(0x000000030d6d9000,0x000000030d7d9000)]


Current CompileTask:
C2:   1334  921 %     4       javazoom.jl.decoder.LayerIIIDecoder::stereo @ 1894 (2178 bytes)

Stack: [0x000000030d6d9000,0x000000030d7d9000],  sp=0x000000030d7d4ee0,  free space=1007k
Native frames: (J=compiled Java code, A=aot compiled Java code, j=interpreted, Vv=VM code, C=native code)
V  [libjvm.dylib+0xf0249]  _ZNK8AddPNode5ValueEP8PhaseGVN+0x45
V  [libjvm.dylib+0x6610c8]  _ZN12PhaseIterGVN13transform_oldEP4Node+0xee
V  [libjvm.dylib+0x660e78]  _ZN12PhaseIterGVN8optimizeEv+0x86
V  [libjvm.dylib+0x5466bb]  _ZN14PhaseIdealLoop18build_and_optimizeE12LoopOptsMode+0xc0d
V  [libjvm.dylib+0x2381b2]  _ZN7Compile14optimize_loopsERiR12PhaseIterGVN12LoopOptsMode+0x92
V  [libjvm.dylib+0x23577f]  _ZN7Compile8OptimizeEv+0xc43
V  [libjvm.dylib+0x233e89]  _ZN7CompileC2EP5ciEnvP10C2CompilerP8ciMethodibbbP12DirectiveSet+0x853
V  [libjvm.dylib+0x1b2de0]  _ZN10C2Compiler14compile_methodEP5ciEnvP8ciMethodiP12DirectiveSet+0xb6
V  [libjvm.dylib+0x240f77]  _ZN13CompileBroker25invoke_compiler_on_methodEP11CompileTask+0x577
V  [libjvm.dylib+0x24088b]  _ZN13CompileBroker20compiler_thread_loopEv+0x1ab
V  [libjvm.dylib+0x77dbc6]  _ZN10JavaThread17thread_main_innerEv+0x82
V  [libjvm.dylib+0x77da10]  _ZN10JavaThread3runEv+0x174
V  [libjvm.dylib+0x77b8ec]  _ZN6Thread8call_runEv+0x68
V  [libjvm.dylib+0x62a3c1]  _ZL19thread_native_entryP6Thread+0x139
C  [libsystem_pthread.dylib+0x64e1]  _pthread_start+0x7d
C  [libsystem_pthread.dylib+0x1f6b]  thread_start+0xf


siginfo: si_signo: 11 (SIGSEGV), si_code: 1 (SEGV_MAPERR), si_addr: 0xfeffffff41f00018

Register to memory mapping:

RAX=0x0000000000000004 is an unknown value
RBX=0x00000000000009fb is an unknown value
RCX=0x00007f8133adc698 points into unknown readable memory: 0x000000010e1ad8e0 | e0 d8 1a 0e 01 00 00 00
RDX=0xfeffffff41f00000 is an unknown value
RSP=0x000000030d7d4ee0 is pointing into the stack for thread: 0x00007f8133820000
RBP=0x000000030d7d4ee0 is pointing into the stack for thread: 0x00007f8133820000
RSI=0x00007f81481b0010 points into unknown readable memory: 0x000000003f800000 | 00 00 80 3f 00 00 00 00
RDI=0x00007f8133adc698 points into unknown readable memory: 0x000000010e1ad8e0 | e0 d8 1a 0e 01 00 00 00
R8 =0x8000000000000000 is an unknown value
R9 =0x00007f81450f5268 points into unknown readable memory: 0x000000010e1acdb0 | b0 cd 1a 0e 01 00 00 00
R10=0x00007f8133b74088 points into unknown readable memory: 0x0000000000000000 | 00 00 00 00 00 00 00 00
R11=0x00007f8133adc7c8 points into unknown readable memory: 0x000000010e1accf0 | f0 cc 1a 0e 01 00 00 00
R12=0x000000030d7d6810 is pointing into the stack for thread: 0x00007f8133820000
R13=0x00007f8133b73ff8 points into unknown readable memory: 0x000000010e187070 | 70 70 18 0e 01 00 00 00
R14=0x000000030d7d6810 is pointing into the stack for thread: 0x00007f8133820000
R15=0x000000010e1f3e30: _ZN10BarrierSet12_barrier_setE+0 in /Library/Java/JavaVirtualMachines/temurin-11.jdk/Contents/Home/lib/server/libjvm.dylib at 0x000000010d82f000


Registers:
RAX=0x0000000000000004, RBX=0x00000000000009fb, RCX=0x00007f8133adc698, RDX=0xfeffffff41f00000
RSP=0x000000030d7d4ee0, RBP=0x000000030d7d4ee0, RSI=0x00007f81481b0010, RDI=0x00007f8133adc698
R8 =0x8000000000000000, R9 =0x00007f81450f5268, R10=0x00007f8133b74088, R11=0x00007f8133adc7c8
R12=0x000000030d7d6810, R13=0x00007f8133b73ff8, R14=0x000000030d7d6810, R15=0x000000010e1f3e30
RIP=0x000000010d91f249, EFLAGS=0x0000000000000293, ERR=0x0000000000000004
  TRAPNO=0x000000000000000e

Top of Stack: (sp=0x000000030d7d4ee0)
0x000000030d7d4ee0:   000000030d7d4f20 000000010de900c8
0x000000030d7d4ef0:   000000030d7d7198 000000030d7d8010
0x000000030d7d4f00:   000000030d7d6810 000000000000031e
0x000000030d7d4f10:   000000030d7d71e8 000000010e07fe3d
0x000000030d7d4f20:   000000030d7d4f60 000000010de8fe78
0x000000030d7d4f30:   000000030d7d8010 000000030d7d5348
0x000000030d7d4f40:   000000030d7d5288 00000000000001ff
0x000000030d7d4f50:   000000030d7d52b0 000000030d7d5338
0x000000030d7d4f60:   000000030d7d5320 000000010dd756bb
0x000000030d7d4f70:   0000600001548210 0000000000000004
0x000000030d7d4f80:   00007f8143ad6fb0 0000000100000000
0x000000030d7d4f90:   0000000000002000 0000000000000000
0x000000030d7d4fa0:   000000030d7d5068 000000030d7d5490
0x000000030d7d4fb0:   00000000ffffffff 000000030d7d5490
0x000000030d7d4fc0:   0000000000000000 0000000000000001
0x000000030d7d4fd0:   0000000000000000 00007f8148018000
0x000000030d7d4fe0:   0000000000000002 000000010ca73c00
0x000000030d7d4ff0:   000000030d7d5040 00007ff80762ff44
0x000000030d7d5000:   ffffffffffffffff 00000000ffffffff
0x000000030d7d5010:   ffffffffffffff00 000000010ca70a00
0x000000030d7d5020:   000000010ca17680 0000000000000002
0x000000030d7d5030:   000000010ca73c00 0000000000000002
0x000000030d7d5040:   000000030d7d50d0 00007ff80762f837
0x000000030d7d5050:   0000000000000005 00000000ffff0000
0x000000030d7d5060:   ffffffffffffff00 000000010e1a72f0
0x000000030d7d5070:   0000000000000000 000000010e1a72f0
0x000000030d7d5080:   0000000000000000 000000010ca70a00
0x000000030d7d5090:   0000000000003200 0000000000000018
0x000000030d7d50a0:   0000000300000005 000000030d7d5190
0x000000030d7d50b0:   0000000000008010 000000030d7d5100
0x000000030d7d50c0:   000000010ca13000 0000000000000000
0x000000030d7d50d0:   000000030d7d5100 00007ff807629832 

Instructions: (pc=0x000000010d91f249)
0x000000010d91f149:   20 be 02 00 00 00 4c 89 f7 4c 89 e2 e8 76 d5 43
0x000000010d91f159:   00 be 03 00 00 00 4c 89 f7 4c 89 ea e8 66 d5 43
0x000000010d91f169:   00 4c 89 f3 e9 3f fe ff ff 55 48 89 e5 41 56 53
0x000000010d91f179:   48 89 fb 48 8b 47 08 48 8b 78 10 48 85 ff 74 56
0x000000010d91f189:   48 8b 07 ff 50 28 49 89 c6 8b 40 10 83 f8 0f 7c
0x000000010d91f199:   3c 4d 85 f6 74 37 83 f8 16 7d 32 48 8b 43 08 48
0x000000010d91f1a9:   8b 78 18 48 8b 07 ff 50 28 48 8d 0d f7 41 90 00
0x000000010d91f1b9:   48 3b 01 74 30 48 8b 48 18 48 3b 48 20 48 c7 c6
0x000000010d91f1c9:   ff 6b ca 88 48 0f 44 f1 49 8b 06 eb 22 48 8d 05
0x000000010d91f1d9:   d3 41 90 00 eb 07 48 8d 05 22 43 90 00 48 8b 00
0x000000010d91f1e9:   5b 41 5e 5d c3 49 8b 06 48 c7 c6 00 6c ca 88 4c
0x000000010d91f1f9:   89 f7 ff 90 c0 00 00 00 eb e6 90 48 8b 57 08 48
0x000000010d91f209:   8b 42 10 8b 40 28 48 8b 76 50 48 8b 0c c6 48 8d
0x000000010d91f219:   05 92 41 90 00 48 8b 00 48 39 c1 74 40 48 8b 52
0x000000010d91f229:   18 8b 52 28 48 8b 14 d6 48 39 c2 74 30 55 48 89
0x000000010d91f239:   e5 8b 41 10 83 c0 f1 31 ff 83 f8 07 48 0f 42 f9
0x000000010d91f249:   48 8b 42 18 48 3b 42 20 48 c7 c6 ff 6b ca 88 48
0x000000010d91f259:   0f 44 f0 48 8b 07 ff 90 c0 00 00 00 5d c3 90 55
0x000000010d91f269:   48 89 e5 41 56 53 49 89 d6 b8 ff 03 00 00 23 47
0x000000010d91f279:   2c 3d 00 02 00 00 75 48 48 8b 47 08 48 8b 48 08
0x000000010d91f289:   48 8b 58 10 48 8b 40 18 48 39 d9 74 07 48 83 79
0x000000010d91f299:   10 00 75 2c 48 89 f7 48 89 c6 e8 46 f9 56 00 48
0x000000010d91f2a9:   85 c0 74 15 48 8b 48 18 48 3b 48 20 75 0b 48 81
0x000000010d91f2b9:   f9 ff 6b ca 88 74 09 eb 10 49 c7 06 ff 6b ca 88
0x000000010d91f2c9:   48 c7 c1 ff 6b ca 88 31 db 49 89 0e 48 89 d8 5b
0x000000010d91f2d9:   41 5e 5d c3 90 55 48 89 e5 48 8b 47 08 4c 8b 48
0x000000010d91f2e9:   08 41 b8 ff 03 00 00 8b 47 2c 44 21 c0 3d 00 02
0x000000010d91f2f9:   00 00 75 3e 41 89 d2 49 ff ca 31 d2 48 8b 4f 08
0x000000010d91f309:   b8 ff ff ff ff 4c 39 49 08 75 34 48 8b 49 18 48
0x000000010d91f319:   89 0c d6 49 39 d2 74 27 48 ff c2 48 8b 47 08 48
0x000000010d91f329:   8b 78 10 8b 47 2c 44 21 c0 3d 00 02 00 00 74 cc
0x000000010d91f339:   eb 02 31 d2 4c 39 cf b8 ff ff ff ff 0f 44 c2 5d 


Stack slot to memory mapping:
stack at sp + 0 slots: 0x000000030d7d4f20 is pointing into the stack for thread: 0x00007f8133820000
stack at sp + 1 slots: 0x000000010de900c8: _ZN12PhaseIterGVN13transform_oldEP4Node+0xee in /Library/Java/JavaVirtualMachines/temurin-11.jdk/Contents/Home/lib/server/libjvm.dylib at 0x000000010d82f000
stack at sp + 2 slots: 0x000000030d7d7198 is pointing into the stack for thread: 0x00007f8133820000
stack at sp + 3 slots: 0x000000030d7d8010 is pointing into the stack for thread: 0x00007f8133820000
stack at sp + 4 slots: 0x000000030d7d6810 is pointing into the stack for thread: 0x00007f8133820000
stack at sp + 5 slots: 0x000000000000031e is an unknown value
stack at sp + 6 slots: 0x000000030d7d71e8 is pointing into the stack for thread: 0x00007f8133820000
stack at sp + 7 slots: 0x000000010e07fe3d: _ZL18hsdis_library_name+0x39020 in /Library/Java/JavaVirtualMachines/temurin-11.jdk/Contents/Home/lib/server/libjvm.dylib at 0x000000010d82f000


---------------  P R O C E S S  ---------------

Threads class SMR info:
_java_thread_list=0x0000600001bca360, length=10, elements={
0x00007f814480e000, 0x00007f814481e000, 0x00007f8144823000, 0x00007f813381c800,
0x00007f813381f800, 0x00007f8133820000, 0x00007f8133821000, 0x00007f8133822000,
0x00007f8145159800, 0x00007f814546d000
}

Java Threads: ( => current thread )
  0x00007f814480e000 JavaThread "main" [_thread_in_native, id=259, stack(0x000000030c328000,0x000000030cb28000)]
  0x00007f814481e000 JavaThread "Reference Handler" daemon [_thread_blocked, id=16387, stack(0x000000030d1be000,0x000000030d2be000)]
  0x00007f8144823000 JavaThread "Finalizer" daemon [_thread_blocked, id=16131, stack(0x000000030d2c1000,0x000000030d3c1000)]
  0x00007f813381c800 JavaThread "Signal Dispatcher" daemon [_thread_blocked, id=41731, stack(0x000000030d4d3000,0x000000030d5d3000)]
  0x00007f813381f800 JavaThread "Service Thread" daemon [_thread_blocked, id=23299, stack(0x000000030d5d6000,0x000000030d6d6000)]
=>0x00007f8133820000 JavaThread "C2 CompilerThread0" daemon [_thread_in_native, id=41219, stack(0x000000030d6d9000,0x000000030d7d9000)]
  0x00007f8133821000 JavaThread "C1 CompilerThread0" daemon [_thread_blocked, id=24579, stack(0x000000030d7dc000,0x000000030d8dc000)]
  0x00007f8133822000 JavaThread "Sweeper thread" daemon [_thread_blocked, id=25347, stack(0x000000030d8df000,0x000000030d9df000)]
  0x00007f8145159800 JavaThread "Common-Cleaner" daemon [_thread_blocked, id=39683, stack(0x000000030dae5000,0x000000030dbe5000)]
  0x00007f814546d000 JavaThread "AssetManager" daemon [_thread_blocked, id=88067, stack(0x000000030e107000,0x000000030e207000)]

Other Threads:
  0x00007f81450d7000 VMThread "VM Thread" [stack: 0x000000030d0bb000,0x000000030d1bb000] [id=17411]
  0x00007f81450d5000 WatcherThread [stack: 0x000000030d9e2000,0x000000030dae2000] [id=26419]
  0x00007f814501a000 GCTaskThread "GC Thread#0" [stack: 0x000000030cbac000,0x000000030ccac000] [id=19715]
  0x00007f8133d7b000 GCTaskThread "GC Thread#1" [stack: 0x000000030e20a000,0x000000030e30a000] [id=174279]
  0x00007f8133d78000 GCTaskThread "GC Thread#2" [stack: 0x000000030e30d000,0x000000030e40d000] [id=88835]
  0x00007f814503b000 ConcurrentGCThread "G1 Main Marker" [stack: 0x000000030ccaf000,0x000000030cdaf000] [id=12291]
  0x00007f814503c000 ConcurrentGCThread "G1 Conc#0" [stack: 0x000000030cdb2000,0x000000030ceb2000] [id=18691]
  0x00007f814509c800 ConcurrentGCThread "G1 Refine#0" [stack: 0x000000030ceb5000,0x000000030cfb5000] [id=12803]
  0x00007f814381d800 ConcurrentGCThread "G1 Young RemSet Sampling" [stack: 0x000000030cfb8000,0x000000030d0b8000] [id=13059]

Threads with active compile tasks:
C2 CompilerThread0   1344  921 %     4       javazoom.jl.decoder.LayerIIIDecoder::stereo @ 1894 (2178 bytes)

VM state:not at safepoint (normal execution)

VM Mutex/Monitor currently owned by a thread: None

Heap address: 0x0000000780000000, size: 2048 MB, Compressed Oops mode: Zero based, Oop shift amount: 3
Narrow klass base: 0x0000000800000000, Narrow klass shift: 0
Compressed class space size: 1073741824 Address: 0x0000000800000000

Heap:
 garbage-first heap   total 131072K, used 6592K [0x0000000780000000, 0x0000000800000000)
  region size 1024K, 7 young (7168K), 3 survivors (3072K)
 Metaspace       used 12993K, capacity 13227K, committed 13440K, reserved 1060864K
  class space    used 1012K, capacity 1090K, committed 1152K, reserved 1048576K
Heap Regions: E=young(eden), S=young(survivor), O=old, HS=humongous(starts), HC=humongous(continues), CS=collection set, F=free, A=archive, TAMS=top-at-mark-start (previous, next)
|   0|0x0000000780000000, 0x0000000780100000, 0x0000000780100000|100%|HS|  |TAMS 0x0000000780000000, 0x0000000780000000| Complete 
|   1|0x0000000780100000, 0x0000000780100000, 0x0000000780200000|  0%| F|  |TAMS 0x0000000780100000, 0x0000000780100000| Untracked 
|   2|0x0000000780200000, 0x0000000780200000, 0x0000000780300000|  0%| F|  |TAMS 0x0000000780200000, 0x0000000780200000| Untracked 
|   3|0x0000000780300000, 0x0000000780300000, 0x0000000780400000|  0%| F|  |TAMS 0x0000000780300000, 0x0000000780300000| Untracked 
|   4|0x0000000780400000, 0x0000000780400000, 0x0000000780500000|  0%| F|  |TAMS 0x0000000780400000, 0x0000000780400000| Untracked 
|   5|0x0000000780500000, 0x0000000780500000, 0x0000000780600000|  0%| F|  |TAMS 0x0000000780500000, 0x0000000780500000| Untracked 
|   6|0x0000000780600000, 0x0000000780600000, 0x0000000780700000|  0%| F|  |TAMS 0x0000000780600000, 0x0000000780600000| Untracked 
|   7|0x0000000780700000, 0x0000000780700000, 0x0000000780800000|  0%| F|  |TAMS 0x0000000780700000, 0x0000000780700000| Untracked 
|   8|0x0000000780800000, 0x0000000780800000, 0x0000000780900000|  0%| F|  |TAMS 0x0000000780800000, 0x0000000780800000| Untracked 
|   9|0x0000000780900000, 0x0000000780900000, 0x0000000780a00000|  0%| F|  |TAMS 0x0000000780900000, 0x0000000780900000| Untracked 
|  10|0x0000000780a00000, 0x0000000780a00000, 0x0000000780b00000|  0%| F|  |TAMS 0x0000000780a00000, 0x0000000780a00000| Untracked 
|  11|0x0000000780b00000, 0x0000000780b00000, 0x0000000780c00000|  0%| F|  |TAMS 0x0000000780b00000, 0x0000000780b00000| Untracked 
|  12|0x0000000780c00000, 0x0000000780c00000, 0x0000000780d00000|  0%| F|  |TAMS 0x0000000780c00000, 0x0000000780c00000| Untracked 
|  13|0x0000000780d00000, 0x0000000780d00000, 0x0000000780e00000|  0%| F|  |TAMS 0x0000000780d00000, 0x0000000780d00000| Untracked 
|  14|0x0000000780e00000, 0x0000000780e00000, 0x0000000780f00000|  0%| F|  |TAMS 0x0000000780e00000, 0x0000000780e00000| Untracked 
|  15|0x0000000780f00000, 0x0000000780f00000, 0x0000000781000000|  0%| F|  |TAMS 0x0000000780f00000, 0x0000000780f00000| Untracked 
|  16|0x0000000781000000, 0x0000000781000000, 0x0000000781100000|  0%| F|  |TAMS 0x0000000781000000, 0x0000000781000000| Untracked 
|  17|0x0000000781100000, 0x0000000781100000, 0x0000000781200000|  0%| F|  |TAMS 0x0000000781100000, 0x0000000781100000| Untracked 
|  18|0x0000000781200000, 0x0000000781200000, 0x0000000781300000|  0%| F|  |TAMS 0x0000000781200000, 0x0000000781200000| Untracked 
|  19|0x0000000781300000, 0x0000000781300000, 0x0000000781400000|  0%| F|  |TAMS 0x0000000781300000, 0x0000000781300000| Untracked 
|  20|0x0000000781400000, 0x0000000781400000, 0x0000000781500000|  0%| F|  |TAMS 0x0000000781400000, 0x0000000781400000| Untracked 
|  21|0x0000000781500000, 0x0000000781500000, 0x0000000781600000|  0%| F|  |TAMS 0x0000000781500000, 0x0000000781500000| Untracked 
|  22|0x0000000781600000, 0x0000000781600000, 0x0000000781700000|  0%| F|  |TAMS 0x0000000781600000, 0x0000000781600000| Untracked 
|  23|0x0000000781700000, 0x0000000781700000, 0x0000000781800000|  0%| F|  |TAMS 0x0000000781700000, 0x0000000781700000| Untracked 
|  24|0x0000000781800000, 0x0000000781800000, 0x0000000781900000|  0%| F|  |TAMS 0x0000000781800000, 0x0000000781800000| Untracked 
|  25|0x0000000781900000, 0x0000000781900000, 0x0000000781a00000|  0%| F|  |TAMS 0x0000000781900000, 0x0000000781900000| Untracked 
|  26|0x0000000781a00000, 0x0000000781a00000, 0x0000000781b00000|  0%| F|  |TAMS 0x0000000781a00000, 0x0000000781a00000| Untracked 
|  27|0x0000000781b00000, 0x0000000781b00000, 0x0000000781c00000|  0%| F|  |TAMS 0x0000000781b00000, 0x0000000781b00000| Untracked 
|  28|0x0000000781c00000, 0x0000000781c00000, 0x0000000781d00000|  0%| F|  |TAMS 0x0000000781c00000, 0x0000000781c00000| Untracked 
|  29|0x0000000781d00000, 0x0000000781d00000, 0x0000000781e00000|  0%| F|  |TAMS 0x0000000781d00000, 0x0000000781d00000| Untracked 
|  30|0x0000000781e00000, 0x0000000781e00000, 0x0000000781f00000|  0%| F|  |TAMS 0x0000000781e00000, 0x0000000781e00000| Untracked 
|  31|0x0000000781f00000, 0x0000000781f00000, 0x0000000782000000|  0%| F|  |TAMS 0x0000000781f00000, 0x0000000781f00000| Untracked 
|  32|0x0000000782000000, 0x0000000782000000, 0x0000000782100000|  0%| F|  |TAMS 0x0000000782000000, 0x0000000782000000| Untracked 
|  33|0x0000000782100000, 0x0000000782100000, 0x0000000782200000|  0%| F|  |TAMS 0x0000000782100000, 0x0000000782100000| Untracked 
|  34|0x0000000782200000, 0x0000000782200000, 0x0000000782300000|  0%| F|  |TAMS 0x0000000782200000, 0x0000000782200000| Untracked 
|  35|0x0000000782300000, 0x0000000782300000, 0x0000000782400000|  0%| F|  |TAMS 0x0000000782300000, 0x0000000782300000| Untracked 
|  36|0x0000000782400000, 0x0000000782400000, 0x0000000782500000|  0%| F|  |TAMS 0x0000000782400000, 0x0000000782400000| Untracked 
|  37|0x0000000782500000, 0x0000000782500000, 0x0000000782600000|  0%| F|  |TAMS 0x0000000782500000, 0x0000000782500000| Untracked 
|  38|0x0000000782600000, 0x0000000782600000, 0x0000000782700000|  0%| F|  |TAMS 0x0000000782600000, 0x0000000782600000| Untracked 
|  39|0x0000000782700000, 0x0000000782700000, 0x0000000782800000|  0%| F|  |TAMS 0x0000000782700000, 0x0000000782700000| Untracked 
|  40|0x0000000782800000, 0x0000000782800000, 0x0000000782900000|  0%| F|  |TAMS 0x0000000782800000, 0x0000000782800000| Untracked 
|  41|0x0000000782900000, 0x0000000782900000, 0x0000000782a00000|  0%| F|  |TAMS 0x0000000782900000, 0x0000000782900000| Untracked 
|  42|0x0000000782a00000, 0x0000000782a00000, 0x0000000782b00000|  0%| F|  |TAMS 0x0000000782a00000, 0x0000000782a00000| Untracked 
|  43|0x0000000782b00000, 0x0000000782b00000, 0x0000000782c00000|  0%| F|  |TAMS 0x0000000782b00000, 0x0000000782b00000| Untracked 
|  44|0x0000000782c00000, 0x0000000782c00000, 0x0000000782d00000|  0%| F|  |TAMS 0x0000000782c00000, 0x0000000782c00000| Untracked 
|  45|0x0000000782d00000, 0x0000000782d00000, 0x0000000782e00000|  0%| F|  |TAMS 0x0000000782d00000, 0x0000000782d00000| Untracked 
|  46|0x0000000782e00000, 0x0000000782e00000, 0x0000000782f00000|  0%| F|  |TAMS 0x0000000782e00000, 0x0000000782e00000| Untracked 
|  47|0x0000000782f00000, 0x0000000782f00000, 0x0000000783000000|  0%| F|  |TAMS 0x0000000782f00000, 0x0000000782f00000| Untracked 
|  48|0x0000000783000000, 0x0000000783000000, 0x0000000783100000|  0%| F|  |TAMS 0x0000000783000000, 0x0000000783000000| Untracked 
|  49|0x0000000783100000, 0x0000000783100000, 0x0000000783200000|  0%| F|  |TAMS 0x0000000783100000, 0x0000000783100000| Untracked 
|  50|0x0000000783200000, 0x0000000783200000, 0x0000000783300000|  0%| F|  |TAMS 0x0000000783200000, 0x0000000783200000| Untracked 
|  51|0x0000000783300000, 0x0000000783300000, 0x0000000783400000|  0%| F|  |TAMS 0x0000000783300000, 0x0000000783300000| Untracked 
|  52|0x0000000783400000, 0x0000000783400000, 0x0000000783500000|  0%| F|  |TAMS 0x0000000783400000, 0x0000000783400000| Untracked 
|  53|0x0000000783500000, 0x0000000783500000, 0x0000000783600000|  0%| F|  |TAMS 0x0000000783500000, 0x0000000783500000| Untracked 
|  54|0x0000000783600000, 0x0000000783600000, 0x0000000783700000|  0%| F|  |TAMS 0x0000000783600000, 0x0000000783600000| Untracked 
|  55|0x0000000783700000, 0x0000000783700000, 0x0000000783800000|  0%| F|  |TAMS 0x0000000783700000, 0x0000000783700000| Untracked 
|  56|0x0000000783800000, 0x0000000783800000, 0x0000000783900000|  0%| F|  |TAMS 0x0000000783800000, 0x0000000783800000| Untracked 
|  57|0x0000000783900000, 0x0000000783900000, 0x0000000783a00000|  0%| F|  |TAMS 0x0000000783900000, 0x0000000783900000| Untracked 
|  58|0x0000000783a00000, 0x0000000783a00000, 0x0000000783b00000|  0%| F|  |TAMS 0x0000000783a00000, 0x0000000783a00000| Untracked 
|  59|0x0000000783b00000, 0x0000000783b00000, 0x0000000783c00000|  0%| F|  |TAMS 0x0000000783b00000, 0x0000000783b00000| Untracked 
|  60|0x0000000783c00000, 0x0000000783c00000, 0x0000000783d00000|  0%| F|  |TAMS 0x0000000783c00000, 0x0000000783c00000| Untracked 
|  61|0x0000000783d00000, 0x0000000783d00000, 0x0000000783e00000|  0%| F|  |TAMS 0x0000000783d00000, 0x0000000783d00000| Untracked 
|  62|0x0000000783e00000, 0x0000000783e00000, 0x0000000783f00000|  0%| F|  |TAMS 0x0000000783e00000, 0x0000000783e00000| Untracked 
|  63|0x0000000783f00000, 0x0000000783f00000, 0x0000000784000000|  0%| F|  |TAMS 0x0000000783f00000, 0x0000000783f00000| Untracked 
|  64|0x0000000784000000, 0x0000000784000000, 0x0000000784100000|  0%| F|  |TAMS 0x0000000784000000, 0x0000000784000000| Untracked 
|  65|0x0000000784100000, 0x0000000784100000, 0x0000000784200000|  0%| F|  |TAMS 0x0000000784100000, 0x0000000784100000| Untracked 
|  66|0x0000000784200000, 0x0000000784200000, 0x0000000784300000|  0%| F|  |TAMS 0x0000000784200000, 0x0000000784200000| Untracked 
|  67|0x0000000784300000, 0x0000000784300000, 0x0000000784400000|  0%| F|  |TAMS 0x0000000784300000, 0x0000000784300000| Untracked 
|  68|0x0000000784400000, 0x0000000784400000, 0x0000000784500000|  0%| F|  |TAMS 0x0000000784400000, 0x0000000784400000| Untracked 
|  69|0x0000000784500000, 0x0000000784500000, 0x0000000784600000|  0%| F|  |TAMS 0x0000000784500000, 0x0000000784500000| Untracked 
|  70|0x0000000784600000, 0x0000000784600000, 0x0000000784700000|  0%| F|  |TAMS 0x0000000784600000, 0x0000000784600000| Untracked 
|  71|0x0000000784700000, 0x0000000784700000, 0x0000000784800000|  0%| F|  |TAMS 0x0000000784700000, 0x0000000784700000| Untracked 
|  72|0x0000000784800000, 0x0000000784800000, 0x0000000784900000|  0%| F|  |TAMS 0x0000000784800000, 0x0000000784800000| Untracked 
|  73|0x0000000784900000, 0x0000000784900000, 0x0000000784a00000|  0%| F|  |TAMS 0x0000000784900000, 0x0000000784900000| Untracked 
|  74|0x0000000784a00000, 0x0000000784a00000, 0x0000000784b00000|  0%| F|  |TAMS 0x0000000784a00000, 0x0000000784a00000| Untracked 
|  75|0x0000000784b00000, 0x0000000784b00000, 0x0000000784c00000|  0%| F|  |TAMS 0x0000000784b00000, 0x0000000784b00000| Untracked 
|  76|0x0000000784c00000, 0x0000000784c00000, 0x0000000784d00000|  0%| F|  |TAMS 0x0000000784c00000, 0x0000000784c00000| Untracked 
|  77|0x0000000784d00000, 0x0000000784d00000, 0x0000000784e00000|  0%| F|  |TAMS 0x0000000784d00000, 0x0000000784d00000| Untracked 
|  78|0x0000000784e00000, 0x0000000784e00000, 0x0000000784f00000|  0%| F|  |TAMS 0x0000000784e00000, 0x0000000784e00000| Untracked 
|  79|0x0000000784f00000, 0x0000000784f00000, 0x0000000785000000|  0%| F|  |TAMS 0x0000000784f00000, 0x0000000784f00000| Untracked 
|  80|0x0000000785000000, 0x0000000785000000, 0x0000000785100000|  0%| F|  |TAMS 0x0000000785000000, 0x0000000785000000| Untracked 
|  81|0x0000000785100000, 0x0000000785100000, 0x0000000785200000|  0%| F|  |TAMS 0x0000000785100000, 0x0000000785100000| Untracked 
|  82|0x0000000785200000, 0x0000000785200000, 0x0000000785300000|  0%| F|  |TAMS 0x0000000785200000, 0x0000000785200000| Untracked 
|  83|0x0000000785300000, 0x0000000785300000, 0x0000000785400000|  0%| F|  |TAMS 0x0000000785300000, 0x0000000785300000| Untracked 
|  84|0x0000000785400000, 0x0000000785400000, 0x0000000785500000|  0%| F|  |TAMS 0x0000000785400000, 0x0000000785400000| Untracked 
|  85|0x0000000785500000, 0x0000000785500000, 0x0000000785600000|  0%| F|  |TAMS 0x0000000785500000, 0x0000000785500000| Untracked 
|  86|0x0000000785600000, 0x0000000785600000, 0x0000000785700000|  0%| F|  |TAMS 0x0000000785600000, 0x0000000785600000| Untracked 
|  87|0x0000000785700000, 0x0000000785700000, 0x0000000785800000|  0%| F|  |TAMS 0x0000000785700000, 0x0000000785700000| Untracked 
|  88|0x0000000785800000, 0x0000000785800000, 0x0000000785900000|  0%| F|  |TAMS 0x0000000785800000, 0x0000000785800000| Untracked 
|  89|0x0000000785900000, 0x0000000785900000, 0x0000000785a00000|  0%| F|  |TAMS 0x0000000785900000, 0x0000000785900000| Untracked 
|  90|0x0000000785a00000, 0x0000000785a00000, 0x0000000785b00000|  0%| F|  |TAMS 0x0000000785a00000, 0x0000000785a00000| Untracked 
|  91|0x0000000785b00000, 0x0000000785b00000, 0x0000000785c00000|  0%| F|  |TAMS 0x0000000785b00000, 0x0000000785b00000| Untracked 
|  92|0x0000000785c00000, 0x0000000785c00000, 0x0000000785d00000|  0%| F|  |TAMS 0x0000000785c00000, 0x0000000785c00000| Untracked 
|  93|0x0000000785d00000, 0x0000000785d00000, 0x0000000785e00000|  0%| F|  |TAMS 0x0000000785d00000, 0x0000000785d00000| Untracked 
|  94|0x0000000785e00000, 0x0000000785e00000, 0x0000000785f00000|  0%| F|  |TAMS 0x0000000785e00000, 0x0000000785e00000| Untracked 
|  95|0x0000000785f00000, 0x0000000785f00000, 0x0000000786000000|  0%| F|  |TAMS 0x0000000785f00000, 0x0000000785f00000| Untracked 
|  96|0x0000000786000000, 0x0000000786000000, 0x0000000786100000|  0%| F|  |TAMS 0x0000000786000000, 0x0000000786000000| Untracked 
|  97|0x0000000786100000, 0x0000000786100000, 0x0000000786200000|  0%| F|  |TAMS 0x0000000786100000, 0x0000000786100000| Untracked 
|  98|0x0000000786200000, 0x0000000786200000, 0x0000000786300000|  0%| F|  |TAMS 0x0000000786200000, 0x0000000786200000| Untracked 
|  99|0x0000000786300000, 0x0000000786300000, 0x0000000786400000|  0%| F|  |TAMS 0x0000000786300000, 0x0000000786300000| Untracked 
| 100|0x0000000786400000, 0x0000000786400000, 0x0000000786500000|  0%| F|  |TAMS 0x0000000786400000, 0x0000000786400000| Untracked 
| 101|0x0000000786500000, 0x0000000786570328, 0x0000000786600000| 43%| S|CS|TAMS 0x0000000786500000, 0x0000000786500000| Complete 
| 102|0x0000000786600000, 0x0000000786700000, 0x0000000786700000|100%| S|CS|TAMS 0x0000000786600000, 0x0000000786600000| Complete 
| 103|0x0000000786700000, 0x0000000786800000, 0x0000000786800000|100%| S|CS|TAMS 0x0000000786700000, 0x0000000786700000| Complete 
| 104|0x0000000786800000, 0x0000000786800000, 0x0000000786900000|  0%| F|  |TAMS 0x0000000786800000, 0x0000000786800000| Untracked 
| 105|0x0000000786900000, 0x0000000786900000, 0x0000000786a00000|  0%| F|  |TAMS 0x0000000786900000, 0x0000000786900000| Untracked 
| 106|0x0000000786a00000, 0x0000000786a00000, 0x0000000786b00000|  0%| F|  |TAMS 0x0000000786a00000, 0x0000000786a00000| Untracked 
| 107|0x0000000786b00000, 0x0000000786b00000, 0x0000000786c00000|  0%| F|  |TAMS 0x0000000786b00000, 0x0000000786b00000| Untracked 
| 108|0x0000000786c00000, 0x0000000786c00000, 0x0000000786d00000|  0%| F|  |TAMS 0x0000000786c00000, 0x0000000786c00000| Untracked 
| 109|0x0000000786d00000, 0x0000000786d00000, 0x0000000786e00000|  0%| F|  |TAMS 0x0000000786d00000, 0x0000000786d00000| Untracked 
| 110|0x0000000786e00000, 0x0000000786e00000, 0x0000000786f00000|  0%| F|  |TAMS 0x0000000786e00000, 0x0000000786e00000| Untracked 
| 111|0x0000000786f00000, 0x0000000786f00000, 0x0000000787000000|  0%| F|  |TAMS 0x0000000786f00000, 0x0000000786f00000| Untracked 
| 112|0x0000000787000000, 0x0000000787000000, 0x0000000787100000|  0%| F|  |TAMS 0x0000000787000000, 0x0000000787000000| Untracked 
| 113|0x0000000787100000, 0x0000000787100000, 0x0000000787200000|  0%| F|  |TAMS 0x0000000787100000, 0x0000000787100000| Untracked 
| 114|0x0000000787200000, 0x0000000787200000, 0x0000000787300000|  0%| F|  |TAMS 0x0000000787200000, 0x0000000787200000| Untracked 
| 115|0x0000000787300000, 0x0000000787300000, 0x0000000787400000|  0%| F|  |TAMS 0x0000000787300000, 0x0000000787300000| Untracked 
| 116|0x0000000787400000, 0x0000000787400000, 0x0000000787500000|  0%| F|  |TAMS 0x0000000787400000, 0x0000000787400000| Untracked 
| 117|0x0000000787500000, 0x0000000787500000, 0x0000000787600000|  0%| F|  |TAMS 0x0000000787500000, 0x0000000787500000| Untracked 
| 118|0x0000000787600000, 0x0000000787600000, 0x0000000787700000|  0%| F|  |TAMS 0x0000000787600000, 0x0000000787600000| Untracked 
| 119|0x0000000787700000, 0x0000000787700000, 0x0000000787800000|  0%| F|  |TAMS 0x0000000787700000, 0x0000000787700000| Untracked 
| 120|0x0000000787800000, 0x0000000787800000, 0x0000000787900000|  0%| F|  |TAMS 0x0000000787800000, 0x0000000787800000| Untracked 
| 121|0x0000000787900000, 0x0000000787900000, 0x0000000787a00000|  0%| F|  |TAMS 0x0000000787900000, 0x0000000787900000| Untracked 
| 122|0x0000000787a00000, 0x0000000787a00000, 0x0000000787b00000|  0%| F|  |TAMS 0x0000000787a00000, 0x0000000787a00000| Untracked 
| 123|0x0000000787b00000, 0x0000000787b00000, 0x0000000787c00000|  0%| F|  |TAMS 0x0000000787b00000, 0x0000000787b00000| Untracked 
| 124|0x0000000787c00000, 0x0000000787cb9450, 0x0000000787d00000| 72%| E|  |TAMS 0x0000000787c00000, 0x0000000787c00000| Complete 
| 125|0x0000000787d00000, 0x0000000787e00000, 0x0000000787e00000|100%| E|CS|TAMS 0x0000000787d00000, 0x0000000787d00000| Complete 
| 126|0x0000000787e00000, 0x0000000787f00000, 0x0000000787f00000|100%| E|CS|TAMS 0x0000000787e00000, 0x0000000787e00000| Complete 
| 127|0x0000000787f00000, 0x0000000788000000, 0x0000000788000000|100%| E|CS|TAMS 0x0000000787f00000, 0x0000000787f00000| Complete 

Card table byte_map: [0x000000010d1f5000,0x000000010d5f5000] _byte_map_base: 0x00000001095f5000

Marking Bits (Prev, Next): (CMBitMap*) 0x00007f8145032618, (CMBitMap*) 0x00007f8145032650
 Prev Bits: [0x00000001275c1000, 0x00000001295c1000)
 Next Bits: [0x00000001295c1000, 0x000000012b5c1000)

Polling page: 0x000000010cafb000

Metaspace:

Usage:
  Non-class:     11.85 MB capacity,    11.70 MB ( 99%) used,   143.12 KB (  1%) free+waste,    13.25 KB ( <1%) overhead. 
      Class:      1.06 MB capacity,  1012.76 KB ( 93%) used,    72.37 KB (  7%) free+waste,     4.88 KB ( <1%) overhead. 
       Both:     12.92 MB capacity,    12.69 MB ( 98%) used,   215.49 KB (  2%) free+waste,    18.12 KB ( <1%) overhead. 

Virtual space:
  Non-class space:       12.00 MB reserved,      12.00 MB (100%) committed 
      Class space:        1.00 GB reserved,       1.12 MB ( <1%) committed 
             Both:        1.01 GB reserved,      13.12 MB (  1%) committed 

Chunk freelists:
   Non-Class:  127.00 KB
       Class:  30.00 KB
        Both:  157.00 KB

MaxMetaspaceSize: unlimited
CompressedClassSpaceSize: 1.00 GB
Initial GC threshold: 20.80 MB
Current GC threshold: 20.80 MB
CDS: off

CodeHeap 'non-profiled nmethods': size=120032Kb used=335Kb max_used=335Kb free=119696Kb
 bounds [0x000000011fc89000, 0x000000011fef9000, 0x00000001271c1000]
CodeHeap 'profiled nmethods': size=120028Kb used=2020Kb max_used=2020Kb free=118007Kb
 bounds [0x0000000118752000, 0x00000001189c2000, 0x000000011fc89000]
CodeHeap 'non-nmethods': size=5700Kb used=1561Kb max_used=1576Kb free=4138Kb
 bounds [0x00000001181c1000, 0x0000000118431000, 0x0000000118752000]
 total_blobs=1888 nmethods=937 adapters=866
 compilation: enabled
              stopped_count=0, restarted_count=0
 full_count=0

Compilation events (20 events):
Event: 1.296 Thread 0x00007f8133821000  932       3       javazoom.jl.decoder.SynthesisFilter::compute_pcm_samples14 (265 bytes)
Event: 1.296 Thread 0x00007f8133821000 nmethod 932 0x000000011893f790 code [0x000000011893f9a0, 0x0000000118940210]
Event: 1.297 Thread 0x00007f8133821000  935       3       javazoom.jl.decoder.LayerIIIDecoder::get_scale_factors (1671 bytes)
Event: 1.299 Thread 0x00007f8133821000 nmethod 935 0x0000000118940690 code [0x0000000118941140, 0x0000000118945610]
Event: 1.299 Thread 0x00007f8133821000  936       3       java.io.PushbackInputStream::ensureOpen (18 bytes)
Event: 1.300 Thread 0x00007f8133820000 nmethod 928% 0x000000011fcd9b10 code [0x000000011fcd9cc0, 0x000000011fcda0b8]
Event: 1.300 Thread 0x00007f8133821000 nmethod 936 0x000000011894a490 code [0x000000011894a660, 0x000000011894a860]
Event: 1.300 Thread 0x00007f8133820000  934       4       javazoom.jl.decoder.LayerIIIDecoder::hybrid (904 bytes)
Event: 1.300 Thread 0x00007f8133821000  937       3       java.io.BufferedInputStream::getBufIfOpen (21 bytes)
Event: 1.300 Thread 0x00007f8133821000 nmethod 937 0x000000011894a910 code [0x000000011894aae0, 0x000000011894ace0]
Event: 1.300 Thread 0x00007f8133821000  938       1       com.badlogic.gdx.graphics.glutils.IndexArray::getBuffer (5 bytes)
Event: 1.300 Thread 0x00007f8133821000 nmethod 938 0x000000011fcda310 code [0x000000011fcda4c0, 0x000000011fcda570]
Event: 1.313 Thread 0x00007f8133820000 nmethod 934 0x000000011fcda610 code [0x000000011fcda7e0, 0x000000011fcdb188]
Event: 1.314 Thread 0x00007f8133820000  919 %     4       javazoom.jl.decoder.LayerIIIDecoder::dequantize_sample @ 370 (1019 bytes)
Event: 1.325 Thread 0x00007f8133820000 nmethod 919% 0x000000011fcdb690 code [0x000000011fcdb860, 0x000000011fcdc318]
Event: 1.325 Thread 0x00007f8133820000  933 %     4       javazoom.jl.decoder.LayerIIIDecoder::huffman_decode @ 715 (738 bytes)
Event: 1.328 Thread 0x00007f8133820000 nmethod 933% 0x000000011fcdc890 code [0x000000011fcdca20, 0x000000011fcdcc38]
Event: 1.328 Thread 0x00007f8133820000  921 %     4       javazoom.jl.decoder.LayerIIIDecoder::stereo @ 1894 (2178 bytes)
Event: 1.333 Thread 0x00007f8133821000  939       3       java.nio.Buffer::checkBounds (25 bytes)
Event: 1.333 Thread 0x00007f8133821000 nmethod 939 0x000000011894ad90 code [0x000000011894af60, 0x000000011894b160]

GC Heap History (2 events):
Event: 0.854 GC heap before
{Heap before GC invocations=0 (full 0):
 garbage-first heap   total 131072K, used 23552K [0x0000000780000000, 0x0000000800000000)
  region size 1024K, 24 young (24576K), 0 survivors (0K)
 Metaspace       used 12269K, capacity 12512K, committed 12800K, reserved 1060864K
  class space    used 951K, capacity 1021K, committed 1024K, reserved 1048576K
}
Event: 0.862 GC heap after
{Heap after GC invocations=1 (full 0):
 garbage-first heap   total 131072K, used 2496K [0x0000000780000000, 0x0000000800000000)
  region size 1024K, 3 young (3072K), 3 survivors (3072K)
 Metaspace       used 12269K, capacity 12512K, committed 12800K, reserved 1060864K
  class space    used 951K, capacity 1021K, committed 1024K, reserved 1048576K
}

Deoptimization events (20 events):
Event: 1.183 Thread 0x00007f814480e000 Uncommon trap: trap_request=0xffffffde fr.pc=0x000000011fcd140c relative=0x0000000000000bac
Event: 1.183 Thread 0x00007f814480e000 Uncommon trap: reason=class_check action=maybe_recompile pc=0x000000011fcd140c method=com.badlogic.gdx.assets.AssetLoadingTask.handleAsyncLoader()V @ 4 c2
Event: 1.183 Thread 0x00007f814480e000 DEOPT PACKING pc=0x000000011fcd140c sp=0x000000030cb22ce0
Event: 1.183 Thread 0x00007f814480e000 DEOPT UNPACKING pc=0x000000011820ae9f sp=0x000000030cb22be0 mode 2
Event: 1.199 Thread 0x00007f814480e000 Uncommon trap: trap_request=0xffffffde fr.pc=0x000000011fcd140c relative=0x0000000000000bac
Event: 1.199 Thread 0x00007f814480e000 Uncommon trap: reason=class_check action=maybe_recompile pc=0x000000011fcd140c method=com.badlogic.gdx.assets.AssetLoadingTask.handleAsyncLoader()V @ 4 c2
Event: 1.199 Thread 0x00007f814480e000 DEOPT PACKING pc=0x000000011fcd140c sp=0x000000030cb22ce0
Event: 1.199 Thread 0x00007f814480e000 DEOPT UNPACKING pc=0x000000011820ae9f sp=0x000000030cb22be0 mode 2
Event: 1.281 Thread 0x00007f814546d000 DEOPT PACKING pc=0x000000011890a5a5 sp=0x000000030e205e30
Event: 1.281 Thread 0x00007f814546d000 DEOPT UNPACKING pc=0x000000011820b62b sp=0x000000030e2052a8 mode 0
Event: 1.292 Thread 0x00007f814546d000 DEOPT PACKING pc=0x0000000118908122 sp=0x000000030e205df0
Event: 1.292 Thread 0x00007f814546d000 DEOPT UNPACKING pc=0x000000011820b62b sp=0x000000030e2052a8 mode 0
Event: 1.297 Thread 0x00007f814546d000 DEOPT PACKING pc=0x0000000118904bfb sp=0x000000030e205db0
Event: 1.297 Thread 0x00007f814546d000 DEOPT UNPACKING pc=0x000000011820b62b sp=0x000000030e205278 mode 0
Event: 1.298 Thread 0x00007f814546d000 DEOPT PACKING pc=0x0000000118904bfb sp=0x000000030e205db0
Event: 1.298 Thread 0x00007f814546d000 DEOPT UNPACKING pc=0x000000011820b62b sp=0x000000030e205278 mode 0
Event: 1.298 Thread 0x00007f814546d000 DEOPT PACKING pc=0x0000000118904bfb sp=0x000000030e205db0
Event: 1.298 Thread 0x00007f814546d000 DEOPT UNPACKING pc=0x000000011820b62b sp=0x000000030e205278 mode 0
Event: 1.299 Thread 0x00007f814546d000 DEOPT PACKING pc=0x0000000118904bfb sp=0x000000030e205db0
Event: 1.299 Thread 0x00007f814546d000 DEOPT UNPACKING pc=0x000000011820b62b sp=0x000000030e205278 mode 0

Classes redefined (0 events):
No events

Internal exceptions (20 events):
Event: 0.449 Thread 0x00007f814480e000 Exception <a 'java/security/PrivilegedActionException'{0x00000007875a6b70}> (0x00000007875a6b70) thrown at [./src/hotspot/share/prims/jvm.cpp, line 1306]
Event: 0.458 Thread 0x00007f814480e000 Exception <a 'sun/nio/fs/UnixException'{0x00000007875d9c00}> (0x00000007875d9c00) thrown at [./src/hotspot/share/prims/jni.cpp, line 615]
Event: 0.462 Thread 0x00007f814480e000 Exception <a 'java/security/PrivilegedActionException'{0x00000007875fe080}> (0x00000007875fe080) thrown at [./src/hotspot/share/prims/jvm.cpp, line 1306]
Event: 0.462 Thread 0x00007f814480e000 Exception <a 'java/security/PrivilegedActionException'{0x00000007875fe350}> (0x00000007875fe350) thrown at [./src/hotspot/share/prims/jvm.cpp, line 1306]
Event: 0.541 Thread 0x00007f814480e000 Exception <a 'java/lang/NoSuchMethodError'{0x00000007874ade10}: 'int java.lang.invoke.DirectMethodHandle$Holder.invokeSpecialIFC(java.lang.Object, java.lang.Object, int)'> (0x00000007874ade10) thrown at [./src/hotspot/share/interpreter/linkResolver.cpp, line 773]
Event: 0.543 Thread 0x00007f814480e000 Exception <a 'java/security/PrivilegedActionException'{0x00000007874b8d70}> (0x00000007874b8d70) thrown at [./src/hotspot/share/prims/jvm.cpp, line 1306]
Event: 0.543 Thread 0x00007f814480e000 Exception <a 'java/security/PrivilegedActionException'{0x00000007874b9040}> (0x00000007874b9040) thrown at [./src/hotspot/share/prims/jvm.cpp, line 1306]
Event: 0.550 Thread 0x00007f814480e000 Exception <a 'java/security/PrivilegedActionException'{0x000000078736fb18}> (0x000000078736fb18) thrown at [./src/hotspot/share/prims/jvm.cpp, line 1306]
Event: 0.550 Thread 0x00007f814480e000 Exception <a 'java/security/PrivilegedActionException'{0x000000078736fde8}> (0x000000078736fde8) thrown at [./src/hotspot/share/prims/jvm.cpp, line 1306]
Event: 0.553 Thread 0x00007f814480e000 Exception <a 'java/security/PrivilegedActionException'{0x000000078738bff8}> (0x000000078738bff8) thrown at [./src/hotspot/share/prims/jvm.cpp, line 1306]
Event: 0.553 Thread 0x00007f814480e000 Exception <a 'java/security/PrivilegedActionException'{0x000000078738c2c8}> (0x000000078738c2c8) thrown at [./src/hotspot/share/prims/jvm.cpp, line 1306]
Event: 0.564 Thread 0x00007f814480e000 Exception <a 'java/security/PrivilegedActionException'{0x00000007873f8db0}> (0x00000007873f8db0) thrown at [./src/hotspot/share/prims/jvm.cpp, line 1306]
Event: 0.564 Thread 0x00007f814480e000 Exception <a 'java/security/PrivilegedActionException'{0x00000007873f9080}> (0x00000007873f9080) thrown at [./src/hotspot/share/prims/jvm.cpp, line 1306]
Event: 0.576 Thread 0x00007f814480e000 Exception <a 'sun/nio/fs/UnixException'{0x00000007872bcac8}> (0x00000007872bcac8) thrown at [./src/hotspot/share/prims/jni.cpp, line 615]
Event: 0.638 Thread 0x00007f814480e000 Exception <a 'sun/nio/fs/UnixException'{0x0000000787132c08}> (0x0000000787132c08) thrown at [./src/hotspot/share/prims/jni.cpp, line 615]
Event: 0.736 Thread 0x00007f814480e000 Exception <a 'java/security/PrivilegedActionException'{0x0000000786c336c0}> (0x0000000786c336c0) thrown at [./src/hotspot/share/prims/jvm.cpp, line 1306]
Event: 0.736 Thread 0x00007f814480e000 Exception <a 'java/security/PrivilegedActionException'{0x0000000786c33990}> (0x0000000786c33990) thrown at [./src/hotspot/share/prims/jvm.cpp, line 1306]
Event: 0.836 Thread 0x00007f814480e000 Exception <a 'java/security/PrivilegedActionException'{0x000000078684dc18}> (0x000000078684dc18) thrown at [./src/hotspot/share/prims/jvm.cpp, line 1306]
Event: 0.836 Thread 0x00007f814480e000 Exception <a 'java/security/PrivilegedActionException'{0x000000078684dee8}> (0x000000078684dee8) thrown at [./src/hotspot/share/prims/jvm.cpp, line 1306]
Event: 0.926 Thread 0x00007f814480e000 Implicit null exception at 0x000000011fccf7ce to 0x000000011fccf80c

Events (20 events):
Event: 1.185 Executing VM operation: RevokeBias
Event: 1.185 Executing VM operation: RevokeBias done
Event: 1.185 loading class javazoom/jl/decoder/huffcodetab
Event: 1.185 loading class javazoom/jl/decoder/huffcodetab done
Event: 1.188 loading class javazoom/jl/decoder/LayerIIIDecoder$temporaire2
Event: 1.188 loading class javazoom/jl/decoder/LayerIIIDecoder$temporaire2 done
Event: 1.188 loading class javazoom/jl/decoder/LayerIIIDecoder$SBI
Event: 1.188 loading class javazoom/jl/decoder/LayerIIIDecoder$SBI done
Event: 1.188 loading class javazoom/jl/decoder/LayerIIIDecoder$Sftable
Event: 1.188 loading class javazoom/jl/decoder/LayerIIIDecoder$Sftable done
Event: 1.189 loading class javazoom/jl/decoder/BitReserve
Event: 1.189 loading class javazoom/jl/decoder/BitReserve done
Event: 1.189 loading class javazoom/jl/decoder/LayerIIIDecoder$III_side_info_t
Event: 1.189 loading class javazoom/jl/decoder/LayerIIIDecoder$III_side_info_t done
Event: 1.189 loading class javazoom/jl/decoder/LayerIIIDecoder$temporaire
Event: 1.189 loading class javazoom/jl/decoder/LayerIIIDecoder$temporaire done
Event: 1.189 Executing VM operation: BulkRevokeBias
Event: 1.189 Executing VM operation: BulkRevokeBias done
Event: 1.189 loading class javazoom/jl/decoder/LayerIIIDecoder$gr_info_s
Event: 1.189 loading class javazoom/jl/decoder/LayerIIIDecoder$gr_info_s done


Dynamic libraries:
0x000000010ca21000 	/Library/Java/JavaVirtualMachines/temurin-11.jdk/Contents/Home/lib/jli/libjli.dylib
0x00007ff81eaf2000 	/System/Library/Frameworks/Cocoa.framework/Versions/A/Cocoa
0x00007ff80a1f1000 	/System/Library/Frameworks/AppKit.framework/Versions/C/AppKit
0x00007ff80d75b000 	/System/Library/Frameworks/CoreData.framework/Versions/A/CoreData
0x00007ff8085fd000 	/System/Library/Frameworks/Foundation.framework/Versions/C/Foundation
0x00007ff8129dd000 	/usr/lib/libSystem.B.dylib
0x00007ff80b07f000 	/System/Library/PrivateFrameworks/UIFoundation.framework/Versions/A/UIFoundation
0x00007ff8189fc000 	/System/Library/PrivateFrameworks/RemoteViewServices.framework/Versions/A/RemoteViewServices
0x00007ff810ca0000 	/System/Library/PrivateFrameworks/XCTTargetBootstrap.framework/Versions/A/XCTTargetBootstrap
0x00007ff8148a2000 	/System/Library/PrivateFrameworks/InternationalSupport.framework/Versions/A/InternationalSupport
0x00007ff81492c000 	/System/Library/PrivateFrameworks/UserActivity.framework/Versions/A/UserActivity
0x00007ff813c86000 	/usr/lib/libspindump.dylib
0x00007ff80b30d000 	/System/Library/Frameworks/UniformTypeIdentifiers.framework/Versions/A/UniformTypeIdentifiers
0x00007ff80f3c9000 	/usr/lib/libapp_launch_measurement.dylib
0x00007ff80e13c000 	/System/Library/PrivateFrameworks/CoreAnalytics.framework/Versions/A/CoreAnalytics
0x00007ff80f3cc000 	/System/Library/PrivateFrameworks/CoreAutoLayout.framework/Versions/A/CoreAutoLayout
0x00007ff8105fa000 	/System/Library/Frameworks/Metal.framework/Versions/A/Metal
0x00007ff811326000 	/usr/lib/liblangid.dylib
0x00007ff810ca5000 	/System/Library/PrivateFrameworks/CoreSVG.framework/Versions/A/CoreSVG
0x00007ff80c6f4000 	/System/Library/PrivateFrameworks/SkyLight.framework/Versions/A/SkyLight
0x00007ff80ca92000 	/System/Library/Frameworks/CoreGraphics.framework/Versions/A/CoreGraphics
0x00007ff8190bc000 	/System/Library/Frameworks/Accelerate.framework/Versions/A/Accelerate
0x00007ff813705000 	/System/Library/PrivateFrameworks/IconServices.framework/Versions/A/IconServices
0x00007ff8105df000 	/System/Library/Frameworks/IOSurface.framework/Versions/A/IOSurface
0x00007ff80e16a000 	/usr/lib/libDiagnosticMessagesClient.dylib
0x00007ff8128f7000 	/usr/lib/libz.1.dylib
0x00007ff81c79f000 	/System/Library/Frameworks/ApplicationServices.framework/Versions/A/ApplicationServices
0x00007ff810c8c000 	/System/Library/PrivateFrameworks/DFRFoundation.framework/Versions/A/DFRFoundation
0x00007ff809ad9000 	/usr/lib/libicucore.A.dylib
0x00007ff815697000 	/System/Library/Frameworks/AudioToolbox.framework/Versions/A/AudioToolbox
0x00007ff8148ae000 	/System/Library/PrivateFrameworks/DataDetectorsCore.framework/Versions/A/DataDetectorsCore
0x00007ff910880000 	/System/Library/PrivateFrameworks/TextInput.framework/Versions/A/TextInput
0x00007ff80c677000 	/usr/lib/libMobileGestalt.dylib
0x00007ff810998000 	/System/Library/Frameworks/Carbon.framework/Versions/A/Frameworks/HIToolbox.framework/Versions/A/HIToolbox
0x00007ff80edcf000 	/System/Library/Frameworks/QuartzCore.framework/Versions/A/QuartzCore
0x00007ff809780000 	/System/Library/Frameworks/Security.framework/Versions/A/Security
0x00007ff818a34000 	/System/Library/Frameworks/Carbon.framework/Versions/A/Frameworks/SpeechRecognition.framework/Versions/A/SpeechRecognition
0x00007ff80f129000 	/System/Library/PrivateFrameworks/CoreUI.framework/Versions/A/CoreUI
0x00007ff80904c000 	/System/Library/Frameworks/CoreAudio.framework/Versions/A/CoreAudio
0x00007ff80e259000 	/System/Library/Frameworks/DiskArbitration.framework/Versions/A/DiskArbitration
0x00007ff814072000 	/System/Library/PrivateFrameworks/MultitouchSupport.framework/Versions/A/MultitouchSupport
0x00007ff80c676000 	/usr/lib/libenergytrace.dylib
0x00007ff80a0dd000 	/System/Library/Frameworks/IOKit.framework/Versions/A/IOKit
0x00007ff818e24000 	/System/Library/Frameworks/CoreServices.framework/Versions/A/CoreServices
0x00007ff80f363000 	/System/Library/PrivateFrameworks/PerformanceAnalysis.framework/Versions/A/PerformanceAnalysis
0x00007ffa1fc8c000 	/System/Library/Frameworks/OpenGL.framework/Versions/A/OpenGL
0x00007ff811f11000 	/System/Library/PrivateFrameworks/MobileKeyBag.framework/Versions/A/MobileKeyBag
0x00007ff80769a000 	/usr/lib/libobjc.A.dylib
0x00007ff80d1bc000 	/System/Library/Frameworks/ColorSync.framework/Versions/A/ColorSync
0x00007ff807854000 	/System/Library/Frameworks/CoreFoundation.framework/Versions/A/CoreFoundation
0x00007ff810f1c000 	/System/Library/Frameworks/CoreImage.framework/Versions/A/CoreImage
0x00007ff808e64000 	/System/Library/Frameworks/CoreText.framework/Versions/A/CoreText
0x00007ff810cd5000 	/System/Library/Frameworks/ImageIO.framework/Versions/A/ImageIO
0x00007ff8129e3000 	/System/Library/PrivateFrameworks/SoftLinking.framework/Versions/A/SoftLinking
0x00007ff80f414000 	/usr/lib/libxml2.2.dylib
0x00007ff807760000 	/usr/lib/libc++.1.dylib
0x00007ff812c64000 	/usr/lib/libcompression.dylib
0x00007ff8147d5000 	/System/Library/PrivateFrameworks/TextureIO.framework/Versions/A/TextureIO
0x00007ff81337e000 	/usr/lib/libate.dylib
0x00007ff8129d8000 	/usr/lib/system/libcache.dylib
0x00007ff812994000 	/usr/lib/system/libcommonCrypto.dylib
0x00007ff8129bd000 	/usr/lib/system/libcompiler_rt.dylib
0x00007ff8129b3000 	/usr/lib/system/libcopyfile.dylib
0x00007ff807595000 	/usr/lib/system/libcorecrypto.dylib
0x00007ff807653000 	/usr/lib/system/libdispatch.dylib
0x00007ff807813000 	/usr/lib/system/libdyld.dylib
0x00007ff8129cf000 	/usr/lib/system/libkeymgr.dylib
0x00007ff812972000 	/usr/lib/system/libmacho.dylib
0x00007ff811feb000 	/usr/lib/system/libquarantine.dylib
0x00007ff8129cd000 	/usr/lib/system/libremovefile.dylib
0x00007ff80c6c4000 	/usr/lib/system/libsystem_asl.dylib
0x00007ff80753e000 	/usr/lib/system/libsystem_blocks.dylib
0x00007ff8076d7000 	/usr/lib/system/libsystem_c.dylib
0x00007ff8129c5000 	/usr/lib/system/libsystem_collections.dylib
0x00007ff811316000 	/usr/lib/system/libsystem_configuration.dylib
0x00007ff8105c2000 	/usr/lib/system/libsystem_containermanager.dylib
0x00007ff8126a5000 	/usr/lib/system/libsystem_coreservices.dylib
0x00007ff809d6d000 	/usr/lib/system/libsystem_darwin.dylib
0x00007ff8129d0000 	/usr/lib/system/libsystem_dnssd.dylib
0x00007ff8076d4000 	/usr/lib/system/libsystem_featureflags.dylib
0x00007ff807829000 	/usr/lib/system/libsystem_info.dylib
0x00007ff81290a000 	/usr/lib/system/libsystem_m.dylib
0x00007ff807627000 	/usr/lib/system/libsystem_malloc.dylib
0x00007ff80c65f000 	/usr/lib/system/libsystem_networkextension.dylib
0x00007ff80a193000 	/usr/lib/system/libsystem_notify.dylib
0x00007ff818cf9000 	/usr/lib/system/libsystem_product_info_filter.dylib
0x00007ff81131a000 	/usr/lib/system/libsystem_sandbox.dylib
0x00007ff8129ca000 	/usr/lib/system/libsystem_secinit.dylib
0x00007ff8077cf000 	/usr/lib/system/libsystem_kernel.dylib
0x00007ff80781f000 	/usr/lib/system/libsystem_platform.dylib
0x00007ff807807000 	/usr/lib/system/libsystem_pthread.dylib
0x00007ff80df7c000 	/usr/lib/system/libsystem_symptoms.dylib
0x00007ff80757c000 	/usr/lib/system/libsystem_trace.dylib
0x00007ff8129a0000 	/usr/lib/system/libunwind.dylib
0x00007ff807540000 	/usr/lib/system/libxpc.dylib
0x00007ff8077b9000 	/usr/lib/libc++abi.dylib
0x00007ff8129ab000 	/usr/lib/liboah.dylib
0x00007ff81313c000 	/usr/lib/liblzma.5.dylib
0x00007ff808310000 	/System/Library/Frameworks/SystemConfiguration.framework/Versions/A/SystemConfiguration
0x00007ff8129df000 	/usr/lib/libfakelink.dylib
0x00007ff80c1d0000 	/System/Library/Frameworks/CFNetwork.framework/Versions/A/CFNetwork
0x00007ff812b20000 	/usr/lib/libarchive.2.dylib
0x00007ff811322000 	/System/Library/PrivateFrameworks/AppleSystemInfo.framework/Versions/A/AppleSystemInfo
0x00007ff812012000 	/usr/lib/libbsm.0.dylib
0x00007ff80b7e3000 	/usr/lib/libnetwork.dylib
0x00007ff812978000 	/usr/lib/system/libkxld.dylib
0x00007ff811c3e000 	/System/Library/PrivateFrameworks/IOMobileFramebuffer.framework/Versions/A/IOMobileFramebuffer
0x00007ffb1f375000 	/usr/lib/libCoreEntitlements.dylib
0x00007ff812687000 	/System/Library/PrivateFrameworks/AppleFSCompression.framework/Versions/A/AppleFSCompression
0x00007ff811ffa000 	/usr/lib/libcoretls.dylib
0x00007ff813156000 	/usr/lib/libcoretls_cfhelpers.dylib
0x00007ff812c5f000 	/usr/lib/libpam.2.dylib
0x00007ff80db9f000 	/usr/lib/libsqlite3.dylib
0x00007ff8131c5000 	/usr/lib/libxar.1.dylib
0x00007ff812697000 	/usr/lib/libbz2.1.0.dylib
0x00007ff8129e4000 	/usr/lib/libpcap.A.dylib
0x00007ff80df74000 	/usr/lib/libdns_services.dylib
0x00007ff812c32000 	/usr/lib/libapple_nghttp2.dylib
0x00007ff812a1e000 	/usr/lib/libiconv.2.dylib
0x00007ff812971000 	/usr/lib/libcharset.1.dylib
0x00007ff80f397000 	/System/Library/Frameworks/CoreServices.framework/Versions/A/Frameworks/FSEvents.framework/Versions/A/FSEvents
0x00007ff809d77000 	/System/Library/Frameworks/CoreServices.framework/Versions/A/Frameworks/CarbonCore.framework/Versions/A/CarbonCore
0x00007ff80e1bd000 	/System/Library/Frameworks/CoreServices.framework/Versions/A/Frameworks/Metadata.framework/Versions/A/Metadata
0x00007ff8126aa000 	/System/Library/Frameworks/CoreServices.framework/Versions/A/Frameworks/OSServices.framework/Versions/A/OSServices
0x00007ff812ba7000 	/System/Library/Frameworks/CoreServices.framework/Versions/A/Frameworks/SearchKit.framework/Versions/A/SearchKit
0x00007ff80df07000 	/System/Library/Frameworks/CoreServices.framework/Versions/A/Frameworks/AE.framework/Versions/A/AE
0x00007ff807d55000 	/System/Library/Frameworks/CoreServices.framework/Versions/A/Frameworks/LaunchServices.framework/Versions/A/LaunchServices
0x00007ff8130ed000 	/System/Library/Frameworks/CoreServices.framework/Versions/A/Frameworks/DictionaryServices.framework/Versions/A/DictionaryServices
0x00007ff80f3a4000 	/System/Library/Frameworks/CoreServices.framework/Versions/A/Frameworks/SharedFileList.framework/Versions/A/SharedFileList
0x00007ff811fee000 	/usr/lib/libCheckFix.dylib
0x00007ff80c6db000 	/System/Library/PrivateFrameworks/TCC.framework/Versions/A/TCC
0x00007ff811328000 	/System/Library/PrivateFrameworks/CoreNLP.framework/Versions/A/CoreNLP
0x00007ff80e16d000 	/System/Library/PrivateFrameworks/MetadataUtilities.framework/Versions/A/MetadataUtilities
0x00007ff8083c0000 	/usr/lib/libmecabra.dylib
0x00007ff812022000 	/usr/lib/libmecab.dylib
0x00007ff80838b000 	/usr/lib/libCRFSuite.dylib
0x00007ff81207c000 	/usr/lib/libgermantok.dylib
0x00007ff812c0d000 	/usr/lib/libThaiTokenizer.dylib
0x00007ff80e260000 	/System/Library/Frameworks/Accelerate.framework/Versions/A/Frameworks/vImage.framework/Versions/A/vImage
0x00007ff818dfb000 	/System/Library/Frameworks/Accelerate.framework/Versions/A/Frameworks/vecLib.framework/Versions/A/vecLib
0x00007ff813206000 	/System/Library/Frameworks/Accelerate.framework/Versions/A/Frameworks/vecLib.framework/Versions/A/libvMisc.dylib
0x00007ff811a3d000 	/System/Library/Frameworks/Accelerate.framework/Versions/A/Frameworks/vecLib.framework/Versions/A/libvDSP.dylib
0x00007ff8080cf000 	/System/Library/Frameworks/Accelerate.framework/Versions/A/Frameworks/vecLib.framework/Versions/A/libBLAS.dylib
0x00007ff812d42000 	/System/Library/Frameworks/Accelerate.framework/Versions/A/Frameworks/vecLib.framework/Versions/A/libLAPACK.dylib
0x00007ff81207f000 	/System/Library/Frameworks/Accelerate.framework/Versions/A/Frameworks/vecLib.framework/Versions/A/libLinearAlgebra.dylib
0x00007ff812c4a000 	/System/Library/Frameworks/Accelerate.framework/Versions/A/Frameworks/vecLib.framework/Versions/A/libSparseBLAS.dylib
0x00007ff812d3c000 	/System/Library/Frameworks/Accelerate.framework/Versions/A/Frameworks/vecLib.framework/Versions/A/libQuadrature.dylib
0x00007ff811413000 	/System/Library/Frameworks/Accelerate.framework/Versions/A/Frameworks/vecLib.framework/Versions/A/libBNNS.dylib
0x00007ff8082a1000 	/System/Library/Frameworks/Accelerate.framework/Versions/A/Frameworks/vecLib.framework/Versions/A/libSparse.dylib
0x00007ff81140c000 	/System/Library/PrivateFrameworks/LinguisticData.framework/Versions/A/LinguisticData
0x00007ff808257000 	/System/Library/PrivateFrameworks/Lexicon.framework/Versions/A/Lexicon
0x00007ff8131ff000 	/usr/lib/libChineseTokenizer.dylib
0x00007ff8089b9000 	/System/Library/PrivateFrameworks/LanguageModeling.framework/Versions/A/LanguageModeling
0x00007ff812c0f000 	/System/Library/PrivateFrameworks/AppleSauce.framework/Versions/A/AppleSauce
0x00007ff811c2c000 	/System/Library/PrivateFrameworks/CoreEmoji.framework/Versions/A/CoreEmoji
0x00007ff812b0f000 	/usr/lib/libcmph.dylib
0x00007ff80f37b000 	/System/Library/Frameworks/OpenDirectory.framework/Versions/A/Frameworks/CFOpenDirectory.framework/Versions/A/CFOpenDirectory
0x00007ff80f36f000 	/System/Library/Frameworks/OpenDirectory.framework/Versions/A/OpenDirectory
0x00007ff813158000 	/System/Library/PrivateFrameworks/APFS.framework/Versions/A/APFS
0x00007ff811f49000 	/System/Library/Frameworks/SecurityFoundation.framework/Versions/A/SecurityFoundation
0x00007ff8131d3000 	/usr/lib/libutil.dylib
0x00007ff80a0a1000 	/System/Library/PrivateFrameworks/CoreServicesStore.framework/Versions/A/CoreServicesStore
0x00007ff8131d7000 	/usr/lib/libxslt.1.dylib
0x00007ff811fd6000 	/System/Library/PrivateFrameworks/BackgroundTaskManagement.framework/Versions/A/BackgroundTaskManagement
0x00007ff8146f6000 	/System/Library/Frameworks/ImageIO.framework/Versions/A/Resources/libRadiance.dylib
0x00007ff8146ff000 	/System/Library/Frameworks/ImageIO.framework/Versions/A/Resources/libJPEG.dylib
0x00007ff814651000 	/System/Library/Frameworks/ImageIO.framework/Versions/A/Resources/libPng.dylib
0x00007ff814672000 	/System/Library/Frameworks/ImageIO.framework/Versions/A/Resources/libTIFF.dylib
0x00007ff81475e000 	/System/Library/Frameworks/ImageIO.framework/Versions/A/Resources/libGIF.dylib
0x00007ff813f8e000 	/System/Library/Frameworks/ImageIO.framework/Versions/A/Resources/libJP2.dylib
0x00007ff8136cc000 	/usr/lib/libexpat.1.dylib
0x00007ff813f43000 	/System/Library/PrivateFrameworks/AppleJPEG.framework/Versions/A/AppleJPEG
0x00007ff81085c000 	/System/Library/PrivateFrameworks/FontServices.framework/libFontParser.dylib
0x00007ff80deb1000 	/System/Library/PrivateFrameworks/RunningBoardServices.framework/Versions/A/RunningBoardServices
0x00007ff81f0aa000 	/System/Library/PrivateFrameworks/IOSurfaceAccelerator.framework/Versions/A/IOSurfaceAccelerator
0x00007ff81406e000 	/System/Library/PrivateFrameworks/WatchdogClient.framework/Versions/A/WatchdogClient
0x00007ff808aa7000 	/System/Library/Frameworks/CoreDisplay.framework/Versions/A/CoreDisplay
0x00007ff81075a000 	/System/Library/Frameworks/CoreMedia.framework/Versions/A/CoreMedia
0x00007ff8105f1000 	/System/Library/PrivateFrameworks/IOAccelerator.framework/Versions/A/IOAccelerator
0x00007ff80f4f8000 	/System/Library/Frameworks/CoreVideo.framework/Versions/A/CoreVideo
0x00007ff812c5d000 	/System/Library/Frameworks/MetalPerformanceShaders.framework/Versions/A/MetalPerformanceShaders
0x00007ff8140ab000 	/System/Library/Frameworks/VideoToolbox.framework/Versions/A/VideoToolbox
0x00007ff80ddfb000 	/System/Library/PrivateFrameworks/BaseBoard.framework/Versions/A/BaseBoard
0x00007ff80db85000 	/System/Library/PrivateFrameworks/ProtocolBuffer.framework/Versions/A/ProtocolBuffer
0x00007ff8146ef000 	/System/Library/PrivateFrameworks/GPUWrangler.framework/Versions/A/GPUWrangler
0x00007ff8146d3000 	/System/Library/PrivateFrameworks/IOPresentment.framework/Versions/A/IOPresentment
0x00007ff8146f9000 	/System/Library/PrivateFrameworks/DSExternalDisplay.framework/Versions/A/DSExternalDisplay
0x00007ffa1fc80000 	/System/Library/Frameworks/OpenGL.framework/Versions/A/Libraries/libCoreFSCache.dylib
0x00007ffb0cb1e000 	/System/Library/PrivateFrameworks/GPUCompiler.framework/Versions/31001/Libraries/libGPUCompilerUtils.dylib
0x00007ff814763000 	/System/Library/PrivateFrameworks/CMCaptureCore.framework/Versions/A/CMCaptureCore
0x00007ff813c74000 	/System/Library/PrivateFrameworks/AppServerSupport.framework/Versions/A/AppServerSupport
0x00007ff815f2f000 	/System/Library/PrivateFrameworks/perfdata.framework/Versions/A/perfdata
0x00007ff808bd3000 	/System/Library/PrivateFrameworks/AudioToolboxCore.framework/Versions/A/AudioToolboxCore
0x00007ff810738000 	/System/Library/PrivateFrameworks/caulk.framework/Versions/A/caulk
0x00007ff815841000 	/usr/lib/libAudioStatistics.dylib
0x00007ff90d02e000 	/System/Library/PrivateFrameworks/SystemPolicy.framework/Versions/A/SystemPolicy
0x00007ff815a9c000 	/usr/lib/libSMC.dylib
0x00007ff81e9a5000 	/System/Library/Frameworks/CoreMIDI.framework/Versions/A/CoreMIDI
0x00007ff814620000 	/usr/lib/libAudioToolboxUtility.dylib
0x00007ff9092d1000 	/System/Library/PrivateFrameworks/OSAServicesClient.framework/Versions/A/OSAServicesClient
0x00007ff815f3c000 	/usr/lib/libperfcheck.dylib
0x00007ff90dad8000 	/usr/lib/libmis.dylib
0x00007ffa1fcdb000 	/System/Library/Frameworks/OpenGL.framework/Versions/A/Libraries/libGLU.dylib
0x00007ffa1fc9f000 	/System/Library/Frameworks/OpenGL.framework/Versions/A/Libraries/libGFXShared.dylib
0x00007ffa1fea8000 	/System/Library/Frameworks/OpenGL.framework/Versions/A/Libraries/libGL.dylib
0x00007ffa1fca8000 	/System/Library/Frameworks/OpenGL.framework/Versions/A/Libraries/libGLImage.dylib
0x00007ffa1fc9c000 	/System/Library/Frameworks/OpenGL.framework/Versions/A/Libraries/libCVMSPluginSupport.dylib
0x00007ffa1fc87000 	/System/Library/Frameworks/OpenGL.framework/Versions/A/Libraries/libCoreVMClient.dylib
0x00007ff8112a4000 	/System/Library/Frameworks/MetalPerformanceShaders.framework/Versions/A/Frameworks/MPSCore.framework/Versions/A/MPSCore
0x00007ff8125f2000 	/System/Library/Frameworks/MetalPerformanceShaders.framework/Versions/A/Frameworks/MPSImage.framework/Versions/A/MPSImage
0x00007ff812095000 	/System/Library/Frameworks/MetalPerformanceShaders.framework/Versions/A/Frameworks/MPSNeuralNetwork.framework/Versions/A/MPSNeuralNetwork
0x00007ff812509000 	/System/Library/Frameworks/MetalPerformanceShaders.framework/Versions/A/Frameworks/MPSMatrix.framework/Versions/A/MPSMatrix
0x00007ff8122c4000 	/System/Library/Frameworks/MetalPerformanceShaders.framework/Versions/A/Frameworks/MPSRayIntersector.framework/Versions/A/MPSRayIntersector
0x00007ff812541000 	/System/Library/Frameworks/MetalPerformanceShaders.framework/Versions/A/Frameworks/MPSNDArray.framework/Versions/A/MPSNDArray
0x00007ffa24c08000 	/System/Library/Frameworks/MetalPerformanceShaders.framework/Versions/A/Frameworks/MPSFunctions.framework/Versions/A/MPSFunctions
0x00007ff807fac000 	/System/Library/PrivateFrameworks/MetalTools.framework/Versions/A/MetalTools
0x00007ff811320000 	/System/Library/PrivateFrameworks/AggregateDictionary.framework/Versions/A/AggregateDictionary
0x00007ff8134ae000 	/usr/lib/libIOReport.dylib
0x00007ffa212b7000 	/System/Library/Frameworks/OpenCL.framework/Versions/A/OpenCL
0x00007ff813812000 	/System/Library/PrivateFrameworks/FaceCore.framework/Versions/A/FaceCore
0x00007ff813803000 	/System/Library/PrivateFrameworks/GraphVisualizer.framework/Versions/A/GraphVisualizer
0x00007ffb0ca29000 	/System/Library/PrivateFrameworks/FontServices.framework/Versions/A/FontServices
0x00007ff813c2c000 	/System/Library/PrivateFrameworks/OTSVG.framework/Versions/A/OTSVG
0x00007ff80f0df000 	/System/Library/Frameworks/ApplicationServices.framework/Versions/A/Frameworks/ATS.framework/Versions/A/Resources/libFontRegistry.dylib
0x00007ff813c7c000 	/System/Library/PrivateFrameworks/FontServices.framework/libhvf.dylib
0x00007ffb0ca2a000 	/System/Library/PrivateFrameworks/FontServices.framework/libXTFontStaticRegistryData.dylib
0x00007ff81367c000 	/System/Library/PrivateFrameworks/AppleVA.framework/Versions/A/AppleVA
0x00007ff815861000 	/System/Library/Frameworks/ApplicationServices.framework/Versions/A/Frameworks/ATS.framework/Versions/A/ATS
0x00007ff80d2b8000 	/System/Library/Frameworks/ApplicationServices.framework/Versions/A/Frameworks/HIServices.framework/Versions/A/HIServices
0x00007ff81476d000 	/System/Library/Frameworks/ApplicationServices.framework/Versions/A/Frameworks/PrintCore.framework/Versions/A/PrintCore
0x00007ff815bef000 	/System/Library/Frameworks/ApplicationServices.framework/Versions/A/Frameworks/QD.framework/Versions/A/QD
0x00007ff815be7000 	/System/Library/Frameworks/ApplicationServices.framework/Versions/A/Frameworks/ColorSyncLegacy.framework/Versions/A/ColorSyncLegacy
0x00007ff815851000 	/System/Library/Frameworks/ApplicationServices.framework/Versions/A/Frameworks/SpeechSynthesis.framework/Versions/A/SpeechSynthesis
0x00007ff81472e000 	/System/Library/Frameworks/ApplicationServices.framework/Versions/A/Frameworks/ATSUI.framework/Versions/A/ATSUI
0x00007ff815b7c000 	/usr/lib/libcups.2.dylib
0x00007ff815f4b000 	/System/Library/Frameworks/Kerberos.framework/Versions/A/Kerberos
0x00007ff815f5a000 	/System/Library/Frameworks/GSS.framework/Versions/A/GSS
0x00007ff8158cd000 	/usr/lib/libresolv.9.dylib
0x00007ff813c8b000 	/System/Library/PrivateFrameworks/Heimdal.framework/Versions/A/Heimdal
0x00007ff81cb27000 	/System/Library/Frameworks/Kerberos.framework/Versions/A/Libraries/libHeimdalProxy.dylib
0x00007ff80df84000 	/System/Library/Frameworks/Network.framework/Versions/A/Network
0x00007ff8136e6000 	/usr/lib/libheimdal-asn1.dylib
0x00007ff815fa5000 	/System/Library/PrivateFrameworks/CommonAuth.framework/Versions/A/CommonAuth
0x00007ff8157d3000 	/System/Library/PrivateFrameworks/AudioSession.framework/Versions/A/AudioSession
0x00007ff813776000 	/System/Library/PrivateFrameworks/MediaExperience.framework/Versions/A/MediaExperience
0x00007ff815666000 	/System/Library/PrivateFrameworks/AudioSession.framework/libSessionUtility.dylib
0x00007ff815bfb000 	/System/Library/PrivateFrameworks/AudioResourceArbitration.framework/Versions/A/AudioResourceArbitration
0x00007ff819c6e000 	/System/Library/PrivateFrameworks/PowerLog.framework/Versions/A/PowerLog
0x00007ff8136ef000 	/System/Library/PrivateFrameworks/IconFoundation.framework/Versions/A/IconFoundation
0x00007ff818a24000 	/System/Library/PrivateFrameworks/SpeechRecognitionCore.framework/Versions/A/SpeechRecognitionCore
0x000000010d82f000 	/Library/Java/JavaVirtualMachines/temurin-11.jdk/Contents/Home/lib/server/libjvm.dylib
0x000000010cb08000 	/Library/Java/JavaVirtualMachines/temurin-11.jdk/Contents/Home/lib/libverify.dylib
0x000000010cb59000 	/Library/Java/JavaVirtualMachines/temurin-11.jdk/Contents/Home/lib/libjava.dylib
0x000000010cb2d000 	/Library/Java/JavaVirtualMachines/temurin-11.jdk/Contents/Home/lib/libjimage.dylib
0x000000010cc00000 	/Library/Java/JavaVirtualMachines/temurin-11.jdk/Contents/Home/lib/libzip.dylib
0x000000012fabf000 	/Library/Java/JavaVirtualMachines/temurin-11.jdk/Contents/Home/lib/libnio.dylib
0x000000012faeb000 	/Library/Java/JavaVirtualMachines/temurin-11.jdk/Contents/Home/lib/libnet.dylib
0x000000012fbed000 	/private/var/folders/w4/mmhq4w1j7xjgz1vrybn3t6ch0000gn/T/libgdxvincent/ccbdf3b/libgdx64.dylib
0x000000012fcaa000 	/private/var/folders/w4/mmhq4w1j7xjgz1vrybn3t6ch0000gn/T/lwjglvincent/3.2.3-build-13/liblwjgl.dylib
0x000000012fd74000 	/private/var/folders/w4/mmhq4w1j7xjgz1vrybn3t6ch0000gn/T/lwjglvincent/3.2.3-build-13/libjemalloc.dylib
0x000000013006e000 	/private/var/folders/w4/mmhq4w1j7xjgz1vrybn3t6ch0000gn/T/lwjglvincent/3.2.3-build-13/libglfw.dylib
0x00007ff80a063000 	/System/Library/PrivateFrameworks/CoreServicesInternal.framework/Versions/A/CoreServicesInternal
0x00007ff81a25f000 	/System/Library/Frameworks/FileProvider.framework/Versions/A/FileProvider
0x00007ff80dd68000 	/System/Library/Frameworks/Accounts.framework/Versions/A/Accounts
0x00007ff81a3d8000 	/System/Library/PrivateFrameworks/GenerationalStorage.framework/Versions/A/GenerationalStorage
0x00007ff81aeeb000 	/System/Library/PrivateFrameworks/CoreSymbolication.framework/Versions/A/CoreSymbolication
0x00007ff819c63000 	/System/Library/PrivateFrameworks/SymptomDiagnosticReporter.framework/Versions/A/SymptomDiagnosticReporter
0x00007ff80b321000 	/System/Library/PrivateFrameworks/DesktopServicesPriv.framework/Versions/A/DesktopServicesPriv
0x00007ff80a1a2000 	/usr/lib/libsandbox.1.dylib
0x00007ff80f577000 	/System/Library/PrivateFrameworks/UserManagement.framework/Versions/A/UserManagement
0x00007ff81aeb0000 	/System/Library/PrivateFrameworks/DebugSymbols.framework/Versions/A/DebugSymbols
0x00007ff815bdc000 	/System/Library/PrivateFrameworks/NetAuth.framework/Versions/A/NetAuth
0x00007ff816ae9000 	/System/Library/PrivateFrameworks/Sharing.framework/Versions/A/Sharing
0x00007ff80f54a000 	/System/Library/PrivateFrameworks/login.framework/Versions/A/Frameworks/loginsupport.framework/Versions/A/loginsupport
0x00007ff81c04e000 	/System/Library/PrivateFrameworks/Apple80211.framework/Versions/A/Apple80211
0x00007ff8126d7000 	/System/Library/PrivateFrameworks/AuthKit.framework/Versions/A/AuthKit
0x00007ff811d22000 	/System/Library/PrivateFrameworks/CoreUtils.framework/Versions/A/CoreUtils
0x00007ff811c49000 	/System/Library/Frameworks/CoreWLAN.framework/Versions/A/CoreWLAN
0x00007ff816c48000 	/System/Library/Frameworks/IOBluetooth.framework/Versions/A/IOBluetooth
0x00007ff81c0b6000 	/System/Library/PrivateFrameworks/CoreWiFi.framework/Versions/A/CoreWiFi
0x00007ff81aa82000 	/System/Library/PrivateFrameworks/FrontBoardServices.framework/Versions/A/FrontBoardServices
0x00007ff81ab13000 	/System/Library/PrivateFrameworks/BoardServices.framework/Versions/A/BoardServices
0x00007ff811f38000 	/System/Library/PrivateFrameworks/AssertionServices.framework/Versions/A/AssertionServices
0x00007ff81c239000 	/System/Library/PrivateFrameworks/BackBoardServices.framework/Versions/A/BackBoardServices
0x00007ff816036000 	/System/Library/PrivateFrameworks/CorePhoneNumbers.framework/Versions/A/CorePhoneNumbers
0x00007ff819d80000 	/System/Library/PrivateFrameworks/DiskManagement.framework/Versions/A/DiskManagement
0x00007ff819c94000 	/System/Library/PrivateFrameworks/AppleIDAuthSupport.framework/Versions/A/AppleIDAuthSupport
0x00007ffa271c9000 	/System/Library/PrivateFrameworks/AAAFoundation.framework/Versions/A/AAAFoundation
0x00007ff816017000 	/System/Library/PrivateFrameworks/KeychainCircle.framework/Versions/A/KeychainCircle
0x00007ff819d4c000 	/System/Library/PrivateFrameworks/MediaKit.framework/Versions/A/MediaKit
0x00007ff819ca0000 	/System/Library/Frameworks/DiscRecording.framework/Versions/A/DiscRecording
0x00007ff8135f4000 	/usr/lib/libCoreStorage.dylib
0x00007ff81c527000 	/usr/lib/libcsfde.dylib
0x00007ff816d15000 	/System/Library/PrivateFrameworks/ProtectedCloudStorage.framework/Versions/A/ProtectedCloudStorage
0x00007ff81c523000 	/System/Library/PrivateFrameworks/EFILogin.framework/Versions/A/EFILogin
0x00007ff81a3fe000 	/System/Library/PrivateFrameworks/OctagonTrust.framework/Versions/A/OctagonTrust
0x00007ffb0bc98000 	/System/Library/PrivateFrameworks/CoreUtilsExtras.framework/Versions/A/CoreUtilsExtras
0x00007ff819bc7000 	/System/Library/Frameworks/CoreBluetooth.framework/Versions/A/CoreBluetooth
0x00007ff81cbac000 	/System/Library/Frameworks/AudioUnit.framework/Versions/A/AudioUnit
0x00007ff8135ec000 	/usr/lib/libMatch.1.dylib
0x00000001321d6000 	/private/var/folders/w4/mmhq4w1j7xjgz1vrybn3t6ch0000gn/T/lwjglvincent/3.2.3-build-13/libopenal.dylib
0x0000000132627000 	/System/Library/Components/CoreAudio.component/Contents/MacOS/CoreAudio
0x00007ff80f26f000 	/System/Library/PrivateFrameworks/ViewBridge.framework/Versions/A/ViewBridge
0x0000000132191000 	/usr/lib/libobjc-trampolines.dylib
0x00007ff9120b1000 	/System/Library/Frameworks/Accelerate.framework/Versions/A/Frameworks/vImage.framework/Versions/A/Libraries/libCGInterfaces.dylib
0x00007ff813d42000 	/System/Library/PrivateFrameworks/login.framework/Versions/A/login
0x00007ffa1feb3000 	/System/Library/Frameworks/OpenGL.framework/Versions/A/Resources/GLEngine.bundle/GLEngine
0x00007ffa1fd19000 	/System/Library/Frameworks/OpenGL.framework/Versions/A/Libraries/libGLProgrammability.dylib
0x00000001337a7000 	/System/Library/Extensions/AppleMetalOpenGLRenderer.bundle/Contents/MacOS/AppleMetalOpenGLRenderer
0x00007ffa2003d000 	/System/Library/Frameworks/OpenGL.framework/Versions/A/Resources/GLRendererFloat.bundle/GLRendererFloat
0x00007ffa21e55000 	/System/Library/Extensions/AGXMetal13_3.bundle/Contents/MacOS/AGXMetal13_3
0x00007ff90daf3000 	/System/Library/PrivateFrameworks/GPURawCounter.framework/Versions/A/GPURawCounter
0x00007ff908479000 	/System/Library/PrivateFrameworks/IOGPU.framework/Versions/A/IOGPU
0x00000001349ca000 	/private/var/folders/w4/mmhq4w1j7xjgz1vrybn3t6ch0000gn/T/lwjglvincent/3.2.3-build-13/liblwjgl_opengl.dylib


VM Arguments:
jvm_args: -Dfile.encoding=UTF-8 -Duser.country=DE -Duser.language=de -Duser.variant 
java_command: ok.cool.DesktopLauncher
java_class_path (initial): /Users/vincent/Documents/Projekte/Dungeon/desktop/build/classes/java/main:/Users/vincent/Documents/Projekte/Dungeon/desktop/build/resources/main:/Users/vincent/.gradle/caches/modules-2/files-2.1/com.badlogicgames.gdx/gdx-backend-lwjgl3/1.10.0/600c7d5b2c977daa82c4abad147087b31e0ada87/gdx-backend-lwjgl3-1.10.0.jar:/Users/vincent/.gradle/caches/modules-2/files-2.1/com.badlogicgames.gdx/gdx-platform/1.10.0/9a8fa793d2fd6d360afc6c9e4c1f5583da263b88/gdx-platform-1.10.0-natives-desktop.jar:/Users/vincent/.gradle/caches/modules-2/files-2.1/com.badlogicgames.gdx/gdx-freetype-platform/1.10.0/6e5d28752759e69384f12e4569d2c884ff71352f/gdx-freetype-platform-1.10.0-natives-desktop.jar:/Users/vincent/.gradle/caches/modules-2/files-2.1/com.badlogicgames.gdx/gdx-box2d-platform/1.10.0/588c4191c5a64ed39365e71484aa37d81c38eb5e/gdx-box2d-platform-1.10.0-natives-desktop.jar:/Users/vincent/Documents/Projekte/Dungeon/core/build/libs/core-1.0.jar:/Users/vincent/.gradle/caches/modules-2/files-2.1/com.badlogicgames.gdx/gdx-freetype/1.10.0/de1d0d5c1e92e8d91364256fd6b7bb279d3e9859/gdx-freetype-1.10.0.jar:/Users/vincent/.gradle/caches/modules-2/files-2.1/com.badlogicgames.box2dlights/box2dlights/1.5/6902dbcd250c95a27973aa24a147a95b3828d348/box2dlights-1.5.jar:/Users/vincent/.gradle/caches/modules-2/files-2.1/com.badlogicgames.gdx/gdx-box2d/1.10.0/b3a3c0f00b90716238835434d0ae8985604c37f8/gdx-box2d-1.10.0.jar:/Users/vincent/.gradle/caches/modules-2/files-2.1/com.badlogicgames.ashley/ashley/1.7.4/21a3a8932919099c4e5006a7d8378dcbe76ef8a5/ashley-1.7.4.jar:/Users/vincent/.gradle/caches/modules-2/files-2.1/com.badlogicgames.gdx/gdx-ai/1.8.2/ab75d2ce80ab1b1ce6828a15dc0f417abac4c674/gdx-ai-1.8.2.jar:/Users/vincent/.gradle/caches/modules-2/files-2.1/com.badlogicgames.gdx/gdx/1.10.0/74c240f79dc4fb6b766a834249600d0a019d0489/gdx-1.10.0.jar:/Users/vincent/.gradle/caches/modules-2/files-2.1/org.lwjgl/lwjgl-glfw/3.2.3/5e520d5c290c8b012545a8d34fa5db5ab051ea53/lwjgl-glfw-3.2.3.jar:/User
Launcher Type: SUN_STANDARD

[Global flags]
     intx CICompilerCount                          = 4                                         {product} {ergonomic}
     uint ConcGCThreads                            = 2                                         {product} {ergonomic}
     uint G1ConcRefinementThreads                  = 8                                         {product} {ergonomic}
   size_t G1HeapRegionSize                         = 1048576                                   {product} {ergonomic}
    uintx GCDrainStackTargetSize                   = 64                                        {product} {ergonomic}
   size_t InitialHeapSize                          = 134217728                                 {product} {ergonomic}
   size_t MarkStackSize                            = 4194304                                   {product} {ergonomic}
   size_t MaxHeapSize                              = 2147483648                                {product} {ergonomic}
   size_t MaxNewSize                               = 1287651328                                {product} {ergonomic}
   size_t MinHeapDeltaBytes                        = 1048576                                   {product} {ergonomic}
    uintx NonNMethodCodeHeapSize                   = 5836300                                {pd product} {ergonomic}
    uintx NonProfiledCodeHeapSize                  = 122910970                              {pd product} {ergonomic}
    uintx ProfiledCodeHeapSize                     = 122910970                              {pd product} {ergonomic}
    uintx ReservedCodeCacheSize                    = 251658240                              {pd product} {ergonomic}
     bool SegmentedCodeCache                       = true                                      {product} {ergonomic}
     bool UseCompressedClassPointers               = true                                 {lp64_product} {ergonomic}
     bool UseCompressedOops                        = true                                 {lp64_product} {ergonomic}
     bool UseG1GC                                  = true                                      {product} {ergonomic}

Logging:
Log output configuration:
 #0: stdout all=warning uptime,level,tags
 #1: stderr all=off uptime,level,tags

Environment Variables:
JAVA_HOME=/Library/Java/JavaVirtualMachines/temurin-11.jdk/Contents/Home
PATH=/Users/vincent/opt/miniconda3/bin:/Users/vincent/opt/miniconda3/condabin:/opt/homebrew/opt/python@3.8/bin:/opt/homebrew/bin:/opt/homebrew/sbin:/usr/local/bin:/usr/bin:/bin:/usr/sbin:/sbin:/Library/Apple/usr/bin:/Users/vincent/Develpment_Tools/apache-maven-3.8.1/bin
SHELL=/bin/zsh
LC_CTYPE=UTF-8

Signal Handlers:
SIGSEGV: [libjvm.dylib+0x7c73e4], sa_mask[0]=11111111111111111111111111111111, sa_flags=SA_ONSTACK|SA_RESTART|SA_SIGINFO
SIGBUS: [libjvm.dylib+0x7c73e4], sa_mask[0]=11111111111111111111111111111111, sa_flags=SA_RESTART|SA_SIGINFO
SIGFPE: [libjvm.dylib+0x7c73e4], sa_mask[0]=11111111111111111111111111111111, sa_flags=SA_RESTART|SA_SIGINFO
SIGPIPE: [libjvm.dylib+0x62c4e1], sa_mask[0]=11111111111111111111111111111111, sa_flags=SA_RESTART|SA_SIGINFO
SIGXFSZ: [libjvm.dylib+0x62c4e1], sa_mask[0]=11111111111111111111111111111111, sa_flags=SA_RESTART|SA_SIGINFO
SIGILL: [libjvm.dylib+0x7c73e4], sa_mask[0]=11111111111111111111111111111111, sa_flags=SA_RESTART|SA_SIGINFO
SIGUSR2: [libjvm.dylib+0x62cac9], sa_mask[0]=00100000000000000000000000000000, sa_flags=SA_RESTART|SA_SIGINFO
SIGHUP: [libjvm.dylib+0x62b667], sa_mask[0]=11111111111111111111111111111111, sa_flags=SA_RESTART|SA_SIGINFO
SIGINT: [libjvm.dylib+0x62b667], sa_mask[0]=11111111111111111111111111111111, sa_flags=SA_RESTART|SA_SIGINFO
SIGTERM: [libjvm.dylib+0x62b667], sa_mask[0]=11111111111111111111111111111111, sa_flags=SA_RESTART|SA_SIGINFO
SIGQUIT: [libjvm.dylib+0x62b667], sa_mask[0]=11111111111111111111111111111111, sa_flags=SA_RESTART|SA_SIGINFO


---------------  S Y S T E M  ---------------

OS:uname:Darwin 21.4.0 Darwin Kernel Version 21.4.0: Fri Mar 18 00:47:26 PDT 2022; root:xnu-8020.101.4~15/RELEASE_ARM64_T8101 x86_64
OS uptime: 0 days 4:35 hours
rlimit (soft/hard): STACK 8176k/65520k , CORE 0k/infinity , NPROC 1333/2000 , NOFILE 10240/infinity , AS infinity/infinity , CPU infinity/infinity , DATA infinity/infinity , FSIZE infinity/infinity , MEMLOCK infinity/infinity , RSS infinity/infinity
load average:0.88 1.21 1.30

CPU:total 8 (initial active 8) (1 cores per cpu, 1 threads per core) family 6 model 44 stepping 0 microcode 0x0, cmov, cx8, fxsr, mmx, sse, sse2, sse3, ssse3, sse4.1, sse4.2, popcnt, aes, clmul, tsc, tscinvbit, tscinv

Memory: 4k page, physical 8388608k(15088k free), swap 0k(0k free)

vm_info: OpenJDK 64-Bit Server VM (11.0.12+7) for bsd-amd64 JRE (11.0.12+7), built on Jul 21 2021 09:19:19 by "jenkins" with clang 4.2.1 Compatible Apple LLVM 10.0.1 (clang-1001.0.46.4)

END.
